[1.089s] Invoking command in '/home/gary/first_ws/build/turtlesim_catch_them_all': CMAKE_PREFIX_PATH=/home/gary/first_ws/install/my_robot_interfaces:/home/gary/first_ws/install/my_robot_bringup PYTHONPATH=/home/gary/first_ws/build/turtlesim_catch_them_all/prefix_override:/home/gary/first_ws/install/turtlesim_catch_them_all/lib/python3.10/site-packages:${PYTHONPATH} /usr/bin/python3 setup.py develop --uninstall --editable --build-directory /home/gary/first_ws/build/turtlesim_catch_them_all/build
[1.374s] running develop
[1.532s] Removing /home/gary/first_ws/install/turtlesim_catch_them_all/lib/python3.10/site-packages/turtlesim-catch-them-all.egg-link (link to .)
[1.567s] Invoked command in '/home/gary/first_ws/build/turtlesim_catch_them_all' returned '0': CMAKE_PREFIX_PATH=/home/gary/first_ws/install/my_robot_interfaces:/home/gary/first_ws/install/my_robot_bringup PYTHONPATH=/home/gary/first_ws/build/turtlesim_catch_them_all/prefix_override:/home/gary/first_ws/install/turtlesim_catch_them_all/lib/python3.10/site-packages:${PYTHONPATH} /usr/bin/python3 setup.py develop --uninstall --editable --build-directory /home/gary/first_ws/build/turtlesim_catch_them_all/build
[1.570s] Invoking command in '/home/gary/first_ws/src/turtlesim_catch_them_all': CMAKE_PREFIX_PATH=/home/gary/first_ws/install/my_robot_interfaces:/home/gary/first_ws/install/my_robot_bringup PYTHONPATH=/home/gary/first_ws/build/turtlesim_catch_them_all/prefix_override:/home/gary/first_ws/install/turtlesim_catch_them_all/lib/python3.10/site-packages:${PYTHONPATH} /usr/bin/python3 setup.py egg_info --egg-base ../../build/turtlesim_catch_them_all build --build-base /home/gary/first_ws/build/turtlesim_catch_them_all/build install --record /home/gary/first_ws/build/turtlesim_catch_them_all/install.log --single-version-externally-managed
[1.825s] running egg_info
[1.826s] writing ../../build/turtlesim_catch_them_all/turtlesim_catch_them_all.egg-info/PKG-INFO
[1.826s] writing dependency_links to ../../build/turtlesim_catch_them_all/turtlesim_catch_them_all.egg-info/dependency_links.txt
[1.826s] writing entry points to ../../build/turtlesim_catch_them_all/turtlesim_catch_them_all.egg-info/entry_points.txt
[1.826s] writing requirements to ../../build/turtlesim_catch_them_all/turtlesim_catch_them_all.egg-info/requires.txt
[1.826s] writing top-level names to ../../build/turtlesim_catch_them_all/turtlesim_catch_them_all.egg-info/top_level.txt
[1.830s] reading manifest file '../../build/turtlesim_catch_them_all/turtlesim_catch_them_all.egg-info/SOURCES.txt'
[1.832s] writing manifest file '../../build/turtlesim_catch_them_all/turtlesim_catch_them_all.egg-info/SOURCES.txt'
[1.832s] running build
[1.832s] running build_py
[1.832s] creating /home/gary/first_ws/build/turtlesim_catch_them_all/build
[1.832s] creating /home/gary/first_ws/build/turtlesim_catch_them_all/build/lib
[1.833s] creating /home/gary/first_ws/build/turtlesim_catch_them_all/build/lib/turtlesim_catch_them_all
[1.833s] copying turtlesim_catch_them_all/turtle_controller_node.py -> /home/gary/first_ws/build/turtlesim_catch_them_all/build/lib/turtlesim_catch_them_all
[1.833s] copying turtlesim_catch_them_all/turtle_spawner_node.py -> /home/gary/first_ws/build/turtlesim_catch_them_all/build/lib/turtlesim_catch_them_all
[1.834s] copying turtlesim_catch_them_all/__init__.py -> /home/gary/first_ws/build/turtlesim_catch_them_all/build/lib/turtlesim_catch_them_all
[1.834s] running install
[1.834s] running install_lib
[1.834s] creating /home/gary/first_ws/install/turtlesim_catch_them_all/lib/python3.10/site-packages/turtlesim_catch_them_all
[1.835s] copying /home/gary/first_ws/build/turtlesim_catch_them_all/build/lib/turtlesim_catch_them_all/turtle_controller_node.py -> /home/gary/first_ws/install/turtlesim_catch_them_all/lib/python3.10/site-packages/turtlesim_catch_them_all
[1.835s] copying /home/gary/first_ws/build/turtlesim_catch_them_all/build/lib/turtlesim_catch_them_all/turtle_spawner_node.py -> /home/gary/first_ws/install/turtlesim_catch_them_all/lib/python3.10/site-packages/turtlesim_catch_them_all
[1.835s] copying /home/gary/first_ws/build/turtlesim_catch_them_all/build/lib/turtlesim_catch_them_all/__init__.py -> /home/gary/first_ws/install/turtlesim_catch_them_all/lib/python3.10/site-packages/turtlesim_catch_them_all
[1.836s] byte-compiling /home/gary/first_ws/install/turtlesim_catch_them_all/lib/python3.10/site-packages/turtlesim_catch_them_all/turtle_controller_node.py to turtle_controller_node.cpython-310.pyc
[1.837s] byte-compiling /home/gary/first_ws/install/turtlesim_catch_them_all/lib/python3.10/site-packages/turtlesim_catch_them_all/turtle_spawner_node.py to turtle_spawner_node.cpython-310.pyc
[1.837s] byte-compiling /home/gary/first_ws/install/turtlesim_catch_them_all/lib/python3.10/site-packages/turtlesim_catch_them_all/__init__.py to __init__.cpython-310.pyc
[1.837s] running install_data
[1.838s] copying package.xml -> /home/gary/first_ws/install/turtlesim_catch_them_all/share/turtlesim_catch_them_all
[1.839s] running install_egg_info
[1.840s] Copying ../../build/turtlesim_catch_them_all/turtlesim_catch_them_all.egg-info to /home/gary/first_ws/install/turtlesim_catch_them_all/lib/python3.10/site-packages/turtlesim_catch_them_all-0.0.0-py3.10.egg-info
[1.841s] running install_scripts
[1.861s] Installing turtle_controller script to /home/gary/first_ws/install/turtlesim_catch_them_all/lib/turtlesim_catch_them_all
[1.861s] Installing turtle_spawner script to /home/gary/first_ws/install/turtlesim_catch_them_all/lib/turtlesim_catch_them_all
[1.861s] writing list of installed files to '/home/gary/first_ws/build/turtlesim_catch_them_all/install.log'
[1.891s] Invoked command in '/home/gary/first_ws/src/turtlesim_catch_them_all' returned '0': CMAKE_PREFIX_PATH=/home/gary/first_ws/install/my_robot_interfaces:/home/gary/first_ws/install/my_robot_bringup PYTHONPATH=/home/gary/first_ws/build/turtlesim_catch_them_all/prefix_override:/home/gary/first_ws/install/turtlesim_catch_them_all/lib/python3.10/site-packages:${PYTHONPATH} /usr/bin/python3 setup.py egg_info --egg-base ../../build/turtlesim_catch_them_all build --build-base /home/gary/first_ws/build/turtlesim_catch_them_all/build install --record /home/gary/first_ws/build/turtlesim_catch_them_all/install.log --single-version-externally-managed
