[0.075s] Invoking command in '/home/gary/first_ws/build/my_robot_bringup': CMAKE_PREFIX_PATH=${CMAKE_PREFIX_PATH}:/home/gary/first_ws/install/my_py_pkg:/opt/ros/humble /usr/bin/cmake /home/gary/first_ws/src/my_robot_bringup -DAMENT_CMAKE_SYMLINK_INSTALL=1 -DCMAKE_INSTALL_PREFIX=/home/gary/first_ws/install/my_robot_bringup
[0.250s] -- The C compiler identification is GNU 11.4.0
[0.979s] -- The CXX compiler identification is GNU 11.4.0
[1.439s] -- Detecting C compiler ABI info
[1.617s] -- Detecting C compiler ABI info - done
[1.628s] -- Check for working C compiler: /usr/bin/cc - skipped
[1.628s] -- Detecting C compile features
[1.628s] -- Detecting C compile features - done
[1.633s] -- Detecting CXX compiler ABI info
[1.822s] -- Detecting CXX compiler ABI info - done
[1.830s] -- Check for working CXX compiler: /usr/bin/c++ - skipped
[1.830s] -- Detecting CXX compile features
[1.831s] -- Detecting CXX compile features - done
[1.835s] -- Found ament_cmake: 1.3.7 (/opt/ros/humble/share/ament_cmake/cmake)
[2.018s] -- Found Python3: /usr/bin/python3.10 (found version "3.10.12") found components: Interpreter 
[2.081s] -- Override CMake install command with custom implementation using symlinks instead of copying resources
[2.178s] -- Configuring done
[2.182s] -- Generating done
[2.183s] -- Build files have been written to: /home/gary/first_ws/build/my_robot_bringup
[2.189s] Invoked command in '/home/gary/first_ws/build/my_robot_bringup' returned '0': CMAKE_PREFIX_PATH=${CMAKE_PREFIX_PATH}:/home/gary/first_ws/install/my_py_pkg:/opt/ros/humble /usr/bin/cmake /home/gary/first_ws/src/my_robot_bringup -DAMENT_CMAKE_SYMLINK_INSTALL=1 -DCMAKE_INSTALL_PREFIX=/home/gary/first_ws/install/my_robot_bringup
[2.190s] Invoking command in '/home/gary/first_ws/build/my_robot_bringup': CMAKE_PREFIX_PATH=${CMAKE_PREFIX_PATH}:/home/gary/first_ws/install/my_py_pkg:/opt/ros/humble /usr/bin/cmake --build /home/gary/first_ws/build/my_robot_bringup -- -j8 -l8
[2.226s] Invoked command in '/home/gary/first_ws/build/my_robot_bringup' returned '0': CMAKE_PREFIX_PATH=${CMAKE_PREFIX_PATH}:/home/gary/first_ws/install/my_py_pkg:/opt/ros/humble /usr/bin/cmake --build /home/gary/first_ws/build/my_robot_bringup -- -j8 -l8
[2.257s] Invoking command in '/home/gary/first_ws/build/my_robot_bringup': CMAKE_PREFIX_PATH=${CMAKE_PREFIX_PATH}:/home/gary/first_ws/install/my_py_pkg:/opt/ros/humble /usr/bin/cmake --install /home/gary/first_ws/build/my_robot_bringup
[2.264s] -- Install configuration: ""
[2.264s] -- Execute custom install script
[2.265s] -- Symlinking: /home/gary/first_ws/install/my_robot_bringup/share/my_robot_bringup/launch/number_app.launch.py
[2.274s] -- Symlinking: /home/gary/first_ws/install/my_robot_bringup/share/ament_index/resource_index/package_run_dependencies/my_robot_bringup
[2.282s] -- Symlinking: /home/gary/first_ws/install/my_robot_bringup/share/ament_index/resource_index/parent_prefix_path/my_robot_bringup
[2.290s] -- Symlinking: /home/gary/first_ws/install/my_robot_bringup/share/my_robot_bringup/environment/ament_prefix_path.sh
[2.298s] -- Symlinking: /home/gary/first_ws/install/my_robot_bringup/share/my_robot_bringup/environment/ament_prefix_path.dsv
[2.306s] -- Symlinking: /home/gary/first_ws/install/my_robot_bringup/share/my_robot_bringup/environment/path.sh
[2.315s] -- Symlinking: /home/gary/first_ws/install/my_robot_bringup/share/my_robot_bringup/environment/path.dsv
[2.324s] -- Symlinking: /home/gary/first_ws/install/my_robot_bringup/share/my_robot_bringup/local_setup.bash
[2.332s] -- Symlinking: /home/gary/first_ws/install/my_robot_bringup/share/my_robot_bringup/local_setup.sh
[2.340s] -- Symlinking: /home/gary/first_ws/install/my_robot_bringup/share/my_robot_bringup/local_setup.zsh
[2.348s] -- Symlinking: /home/gary/first_ws/install/my_robot_bringup/share/my_robot_bringup/local_setup.dsv
[2.357s] -- Symlinking: /home/gary/first_ws/install/my_robot_bringup/share/my_robot_bringup/package.dsv
[2.365s] -- Symlinking: /home/gary/first_ws/install/my_robot_bringup/share/ament_index/resource_index/packages/my_robot_bringup
[2.373s] -- Symlinking: /home/gary/first_ws/install/my_robot_bringup/share/my_robot_bringup/cmake/my_robot_bringupConfig.cmake
[2.381s] -- Symlinking: /home/gary/first_ws/install/my_robot_bringup/share/my_robot_bringup/cmake/my_robot_bringupConfig-version.cmake
[2.389s] -- Symlinking: /home/gary/first_ws/install/my_robot_bringup/share/my_robot_bringup/package.xml
[2.399s] Invoked command in '/home/gary/first_ws/build/my_robot_bringup' returned '0': CMAKE_PREFIX_PATH=${CMAKE_PREFIX_PATH}:/home/gary/first_ws/install/my_py_pkg:/opt/ros/humble /usr/bin/cmake --install /home/gary/first_ws/build/my_robot_bringup
