[0.908s] Invoking command in '/home/gary/first_ws/src/my_py_pkg': PYTHONPATH=/home/gary/first_ws/build/my_py_pkg/prefix_override:/home/gary/first_ws/install/my_py_pkg/lib/python3.10/site-packages:${PYTHONPATH} /usr/bin/python3 setup.py egg_info --egg-base ../../build/my_py_pkg build --build-base /home/gary/first_ws/build/my_py_pkg/build install --record /home/gary/first_ws/build/my_py_pkg/install.log --single-version-externally-managed
[1.183s] running egg_info
[1.184s] creating ../../build/my_py_pkg/my_py_pkg.egg-info
[1.184s] writing ../../build/my_py_pkg/my_py_pkg.egg-info/PKG-INFO
[1.185s] writing dependency_links to ../../build/my_py_pkg/my_py_pkg.egg-info/dependency_links.txt
[1.185s] writing entry points to ../../build/my_py_pkg/my_py_pkg.egg-info/entry_points.txt
[1.185s] writing requirements to ../../build/my_py_pkg/my_py_pkg.egg-info/requires.txt
[1.185s] writing top-level names to ../../build/my_py_pkg/my_py_pkg.egg-info/top_level.txt
[1.186s] writing manifest file '../../build/my_py_pkg/my_py_pkg.egg-info/SOURCES.txt'
[1.189s] reading manifest file '../../build/my_py_pkg/my_py_pkg.egg-info/SOURCES.txt'
[1.190s] writing manifest file '../../build/my_py_pkg/my_py_pkg.egg-info/SOURCES.txt'
[1.190s] running build
[1.190s] running build_py
[1.191s] creating /home/gary/first_ws/build/my_py_pkg/build
[1.191s] creating /home/gary/first_ws/build/my_py_pkg/build/lib
[1.191s] creating /home/gary/first_ws/build/my_py_pkg/build/lib/my_py_pkg
[1.192s] copying my_py_pkg/my_first_node.py -> /home/gary/first_ws/build/my_py_pkg/build/lib/my_py_pkg
[1.192s] copying my_py_pkg/__init__.py -> /home/gary/first_ws/build/my_py_pkg/build/lib/my_py_pkg
[1.192s] running install
[1.192s] running install_lib
[1.193s] creating /home/gary/first_ws/install/my_py_pkg/lib/python3.10/site-packages/my_py_pkg
[1.193s] copying /home/gary/first_ws/build/my_py_pkg/build/lib/my_py_pkg/my_first_node.py -> /home/gary/first_ws/install/my_py_pkg/lib/python3.10/site-packages/my_py_pkg
[1.194s] copying /home/gary/first_ws/build/my_py_pkg/build/lib/my_py_pkg/__init__.py -> /home/gary/first_ws/install/my_py_pkg/lib/python3.10/site-packages/my_py_pkg
[1.194s] byte-compiling /home/gary/first_ws/install/my_py_pkg/lib/python3.10/site-packages/my_py_pkg/my_first_node.py to my_first_node.cpython-310.pyc
[1.195s] byte-compiling /home/gary/first_ws/install/my_py_pkg/lib/python3.10/site-packages/my_py_pkg/__init__.py to __init__.cpython-310.pyc
[1.195s] running install_data
[1.196s] creating /home/gary/first_ws/install/my_py_pkg/share/ament_index
[1.196s] creating /home/gary/first_ws/install/my_py_pkg/share/ament_index/resource_index
[1.196s] creating /home/gary/first_ws/install/my_py_pkg/share/ament_index/resource_index/packages
[1.196s] copying resource/my_py_pkg -> /home/gary/first_ws/install/my_py_pkg/share/ament_index/resource_index/packages
[1.197s] copying package.xml -> /home/gary/first_ws/install/my_py_pkg/share/my_py_pkg
[1.197s] running install_egg_info
[1.198s] Copying ../../build/my_py_pkg/my_py_pkg.egg-info to /home/gary/first_ws/install/my_py_pkg/lib/python3.10/site-packages/my_py_pkg-0.0.0-py3.10.egg-info
[1.199s] running install_scripts
[1.222s] Installing py_node script to /home/gary/first_ws/install/my_py_pkg/lib/my_py_pkg
[1.223s] writing list of installed files to '/home/gary/first_ws/build/my_py_pkg/install.log'
[1.257s] Invoked command in '/home/gary/first_ws/src/my_py_pkg' returned '0': PYTHONPATH=/home/gary/first_ws/build/my_py_pkg/prefix_override:/home/gary/first_ws/install/my_py_pkg/lib/python3.10/site-packages:${PYTHONPATH} /usr/bin/python3 setup.py egg_info --egg-base ../../build/my_py_pkg build --build-base /home/gary/first_ws/build/my_py_pkg/build install --record /home/gary/first_ws/build/my_py_pkg/install.log --single-version-externally-managed
