[0.890s] Invoking command in '/home/gary/first_ws/build/my_py_pkg': PYTHONPATH=/home/gary/first_ws/build/my_py_pkg/prefix_override:/home/gary/first_ws/install/my_py_pkg/lib/python3.10/site-packages:${PYTHONPATH} /usr/bin/python3 setup.py develop --editable --build-directory /home/gary/first_ws/build/my_py_pkg/build --no-deps install_data
[1.221s] running develop
[1.395s] running egg_info
[1.396s] writing my_py_pkg.egg-info/PKG-INFO
[1.396s] writing dependency_links to my_py_pkg.egg-info/dependency_links.txt
[1.396s] writing entry points to my_py_pkg.egg-info/entry_points.txt
[1.397s] writing requirements to my_py_pkg.egg-info/requires.txt
[1.397s] writing top-level names to my_py_pkg.egg-info/top_level.txt
[1.400s] reading manifest file 'my_py_pkg.egg-info/SOURCES.txt'
[1.403s] writing manifest file 'my_py_pkg.egg-info/SOURCES.txt'
[1.404s] running build_ext
[1.405s] Creating /home/gary/first_ws/install/my_py_pkg/lib/python3.10/site-packages/my-py-pkg.egg-link (link to .)
[1.406s] Installing add_two_ints_client script to /home/gary/first_ws/install/my_py_pkg/lib/my_py_pkg
[1.406s] Installing add_two_ints_client_oop script to /home/gary/first_ws/install/my_py_pkg/lib/my_py_pkg
[1.407s] Installing add_two_ints_server script to /home/gary/first_ws/install/my_py_pkg/lib/my_py_pkg
[1.407s] Installing count_catch script to /home/gary/first_ws/install/my_py_pkg/lib/my_py_pkg
[1.407s] Installing my_counter script to /home/gary/first_ws/install/my_py_pkg/lib/my_py_pkg
[1.408s] Installing py_node script to /home/gary/first_ws/install/my_py_pkg/lib/my_py_pkg
[1.408s] Installing robot_new_staton script to /home/gary/first_ws/install/my_py_pkg/lib/my_py_pkg
[1.409s] Installing smartphone script to /home/gary/first_ws/install/my_py_pkg/lib/my_py_pkg
[1.409s] 
[1.409s] Installed /home/gary/first_ws/build/my_py_pkg
[1.409s] running install_data
[1.451s] Invoked command in '/home/gary/first_ws/build/my_py_pkg' returned '0': PYTHONPATH=/home/gary/first_ws/build/my_py_pkg/prefix_override:/home/gary/first_ws/install/my_py_pkg/lib/python3.10/site-packages:${PYTHONPATH} /usr/bin/python3 setup.py develop --editable --build-directory /home/gary/first_ws/build/my_py_pkg/build --no-deps install_data
