[0.085s] Invoking command in '/home/gary/first_ws/build/my_robot_interfaces': CMAKE_PREFIX_PATH=${CMAKE_PREFIX_PATH}:/home/gary/first_ws/install/turtlesim_catch_them_all:/home/gary/first_ws/install/my_py_pkg:/opt/ros/humble /usr/bin/cmake --build /home/gary/first_ws/build/my_robot_interfaces -- -j8 -l8
[0.151s] [35m[1mConsolidate compiler generated dependencies of target my_robot_interfaces__rosidl_generator_c[0m
[0.164s] [  1%] Built target my_robot_interfaces__cpp
[0.171s] [ 12%] Built target my_robot_interfaces__rosidl_generator_c
[0.171s] [ 12%] Built target ament_cmake_python_symlink_my_robot_interfaces
[0.181s] [35m[1mConsolidate compiler generated dependencies of target my_robot_interfaces__rosidl_typesupport_cpp[0m
[0.183s] [35m[1mConsolidate compiler generated dependencies of target my_robot_interfaces__rosidl_typesupport_introspection_cpp[0m
[0.183s] [35m[1mConsolidate compiler generated dependencies of target my_robot_interfaces__rosidl_typesupport_fastrtps_cpp[0m
[0.188s] [35m[1mConsolidate compiler generated dependencies of target my_robot_interfaces__rosidl_typesupport_c[0m
[0.189s] [35m[1mConsolidate compiler generated dependencies of target my_robot_interfaces__rosidl_typesupport_introspection_c[0m
[0.194s] [35m[1mConsolidate compiler generated dependencies of target my_robot_interfaces__rosidl_typesupport_fastrtps_c[0m
[0.214s] [ 23%] Built target my_robot_interfaces__rosidl_typesupport_c
[0.216s] [ 46%] Built target my_robot_interfaces__rosidl_typesupport_cpp
[0.216s] [ 46%] Built target my_robot_interfaces__rosidl_typesupport_introspection_cpp
[0.218s] [ 57%] Built target my_robot_interfaces__rosidl_typesupport_introspection_c
[0.219s] [ 69%] Built target my_robot_interfaces__rosidl_typesupport_fastrtps_cpp
[0.225s] [ 80%] Built target my_robot_interfaces__rosidl_typesupport_fastrtps_c
[0.247s] [ 80%] Built target my_robot_interfaces
[0.270s] [ 81%] Built target my_robot_interfaces__py
[0.286s] [35m[1mConsolidate compiler generated dependencies of target my_robot_interfaces__rosidl_generator_py[0m
[0.315s] [ 91%] Built target my_robot_interfaces__rosidl_generator_py
[0.331s] [35m[1mConsolidate compiler generated dependencies of target my_robot_interfaces__rosidl_typesupport_c__pyext[0m
[0.332s] [35m[1mConsolidate compiler generated dependencies of target my_robot_interfaces__rosidl_typesupport_fastrtps_c__pyext[0m
[0.332s] [35m[1mConsolidate compiler generated dependencies of target my_robot_interfaces__rosidl_typesupport_introspection_c__pyext[0m
[0.348s] [ 94%] Built target my_robot_interfaces__rosidl_typesupport_introspection_c__pyext
[0.348s] [ 97%] Built target my_robot_interfaces__rosidl_typesupport_c__pyext
[0.349s] [100%] Built target my_robot_interfaces__rosidl_typesupport_fastrtps_c__pyext
[0.499s] running egg_info
[0.500s] writing my_robot_interfaces.egg-info/PKG-INFO
[0.501s] writing dependency_links to my_robot_interfaces.egg-info/dependency_links.txt
[0.501s] writing top-level names to my_robot_interfaces.egg-info/top_level.txt
[0.504s] reading manifest file 'my_robot_interfaces.egg-info/SOURCES.txt'
[0.505s] writing manifest file 'my_robot_interfaces.egg-info/SOURCES.txt'
[0.534s] [100%] Built target ament_cmake_python_build_my_robot_interfaces_egg
[0.547s] Invoked command in '/home/gary/first_ws/build/my_robot_interfaces' returned '0': CMAKE_PREFIX_PATH=${CMAKE_PREFIX_PATH}:/home/gary/first_ws/install/turtlesim_catch_them_all:/home/gary/first_ws/install/my_py_pkg:/opt/ros/humble /usr/bin/cmake --build /home/gary/first_ws/build/my_robot_interfaces -- -j8 -l8
[0.800s] Invoking command in '/home/gary/first_ws/build/my_robot_interfaces': CMAKE_PREFIX_PATH=${CMAKE_PREFIX_PATH}:/home/gary/first_ws/install/turtlesim_catch_them_all:/home/gary/first_ws/install/my_py_pkg:/opt/ros/humble /usr/bin/cmake --install /home/gary/first_ws/build/my_robot_interfaces
[0.812s] -- Install configuration: ""
[0.815s] -- Execute custom install script
[0.815s] -- Up-to-date symlink: /home/gary/first_ws/install/my_robot_interfaces/share/ament_index/resource_index/rosidl_interfaces/my_robot_interfaces
[0.817s] -- Up-to-date symlink: /home/gary/first_ws/install/my_robot_interfaces/include/my_robot_interfaces/my_robot_interfaces/msg/detail/hardware_status__functions.h
[0.818s] -- Up-to-date symlink: /home/gary/first_ws/install/my_robot_interfaces/include/my_robot_interfaces/my_robot_interfaces/msg/detail/hardware_status__struct.h
[0.818s] -- Up-to-date symlink: /home/gary/first_ws/install/my_robot_interfaces/include/my_robot_interfaces/my_robot_interfaces/msg/detail/hardware_status__type_support.h
[0.818s] -- Up-to-date symlink: /home/gary/first_ws/install/my_robot_interfaces/include/my_robot_interfaces/my_robot_interfaces/msg/detail/led_panel_status__functions.h
[0.818s] -- Up-to-date symlink: /home/gary/first_ws/install/my_robot_interfaces/include/my_robot_interfaces/my_robot_interfaces/msg/detail/led_panel_status__struct.h
[0.818s] -- Up-to-date symlink: /home/gary/first_ws/install/my_robot_interfaces/include/my_robot_interfaces/my_robot_interfaces/msg/detail/led_panel_status__type_support.h
[0.819s] -- Up-to-date symlink: /home/gary/first_ws/install/my_robot_interfaces/include/my_robot_interfaces/my_robot_interfaces/msg/detail/new_turtle_pos__functions.h
[0.820s] -- Up-to-date symlink: /home/gary/first_ws/install/my_robot_interfaces/include/my_robot_interfaces/my_robot_interfaces/msg/detail/new_turtle_pos__struct.h
[0.820s] -- Up-to-date symlink: /home/gary/first_ws/install/my_robot_interfaces/include/my_robot_interfaces/my_robot_interfaces/msg/detail/new_turtle_pos__type_support.h
[0.820s] -- Up-to-date symlink: /home/gary/first_ws/install/my_robot_interfaces/include/my_robot_interfaces/my_robot_interfaces/msg/hardware_status.h
[0.820s] -- Up-to-date symlink: /home/gary/first_ws/install/my_robot_interfaces/include/my_robot_interfaces/my_robot_interfaces/msg/led_panel_status.h
[0.821s] -- Up-to-date symlink: /home/gary/first_ws/install/my_robot_interfaces/include/my_robot_interfaces/my_robot_interfaces/msg/new_turtle_pos.h
[0.821s] -- Up-to-date symlink: /home/gary/first_ws/install/my_robot_interfaces/include/my_robot_interfaces/my_robot_interfaces/msg/rosidl_generator_c__visibility_control.h
[0.821s] -- Up-to-date symlink: /home/gary/first_ws/install/my_robot_interfaces/include/my_robot_interfaces/my_robot_interfaces/srv/compute_rectangle_area.h
[0.822s] -- Up-to-date symlink: /home/gary/first_ws/install/my_robot_interfaces/include/my_robot_interfaces/my_robot_interfaces/srv/detail/compute_rectangle_area__functions.h
[0.822s] -- Up-to-date symlink: /home/gary/first_ws/install/my_robot_interfaces/include/my_robot_interfaces/my_robot_interfaces/srv/detail/compute_rectangle_area__struct.h
[0.822s] -- Up-to-date symlink: /home/gary/first_ws/install/my_robot_interfaces/include/my_robot_interfaces/my_robot_interfaces/srv/detail/compute_rectangle_area__type_support.h
[0.822s] -- Up-to-date symlink: /home/gary/first_ws/install/my_robot_interfaces/include/my_robot_interfaces/my_robot_interfaces/srv/detail/kill_turtle__functions.h
[0.823s] -- Up-to-date symlink: /home/gary/first_ws/install/my_robot_interfaces/include/my_robot_interfaces/my_robot_interfaces/srv/detail/kill_turtle__struct.h
[0.823s] -- Up-to-date symlink: /home/gary/first_ws/install/my_robot_interfaces/include/my_robot_interfaces/my_robot_interfaces/srv/detail/kill_turtle__type_support.h
[0.827s] -- Up-to-date symlink: /home/gary/first_ws/install/my_robot_interfaces/include/my_robot_interfaces/my_robot_interfaces/srv/detail/set_led__functions.h
[0.829s] -- Up-to-date symlink: /home/gary/first_ws/install/my_robot_interfaces/include/my_robot_interfaces/my_robot_interfaces/srv/detail/set_led__struct.h
[0.829s] -- Up-to-date symlink: /home/gary/first_ws/install/my_robot_interfaces/include/my_robot_interfaces/my_robot_interfaces/srv/detail/set_led__type_support.h
[0.829s] -- Up-to-date symlink: /home/gary/first_ws/install/my_robot_interfaces/include/my_robot_interfaces/my_robot_interfaces/srv/kill_turtle.h
[0.829s] -- Up-to-date symlink: /home/gary/first_ws/install/my_robot_interfaces/include/my_robot_interfaces/my_robot_interfaces/srv/set_led.h
[0.830s] -- Up-to-date symlink: /home/gary/first_ws/install/my_robot_interfaces/share/my_robot_interfaces/environment/library_path.sh
[0.830s] -- Up-to-date symlink: /home/gary/first_ws/install/my_robot_interfaces/share/my_robot_interfaces/environment/library_path.dsv
[0.830s] -- Up-to-date symlink: /home/gary/first_ws/install/my_robot_interfaces/include/my_robot_interfaces/my_robot_interfaces/msg/detail/hardware_status__rosidl_typesupport_fastrtps_c.h
[0.830s] -- Up-to-date symlink: /home/gary/first_ws/install/my_robot_interfaces/include/my_robot_interfaces/my_robot_interfaces/msg/detail/led_panel_status__rosidl_typesupport_fastrtps_c.h
[0.830s] -- Up-to-date symlink: /home/gary/first_ws/install/my_robot_interfaces/include/my_robot_interfaces/my_robot_interfaces/msg/detail/new_turtle_pos__rosidl_typesupport_fastrtps_c.h
[0.830s] -- Up-to-date symlink: /home/gary/first_ws/install/my_robot_interfaces/include/my_robot_interfaces/my_robot_interfaces/msg/rosidl_typesupport_fastrtps_c__visibility_control.h
[0.831s] -- Up-to-date symlink: /home/gary/first_ws/install/my_robot_interfaces/include/my_robot_interfaces/my_robot_interfaces/srv/detail/compute_rectangle_area__rosidl_typesupport_fastrtps_c.h
[0.831s] -- Up-to-date symlink: /home/gary/first_ws/install/my_robot_interfaces/include/my_robot_interfaces/my_robot_interfaces/srv/detail/kill_turtle__rosidl_typesupport_fastrtps_c.h
[0.831s] -- Up-to-date symlink: /home/gary/first_ws/install/my_robot_interfaces/include/my_robot_interfaces/my_robot_interfaces/srv/detail/set_led__rosidl_typesupport_fastrtps_c.h
[0.831s] -- Up-to-date symlink: /home/gary/first_ws/install/my_robot_interfaces/include/my_robot_interfaces/my_robot_interfaces/msg/detail/hardware_status__rosidl_typesupport_introspection_c.h
[0.831s] -- Up-to-date symlink: /home/gary/first_ws/install/my_robot_interfaces/include/my_robot_interfaces/my_robot_interfaces/msg/detail/led_panel_status__rosidl_typesupport_introspection_c.h
[0.831s] -- Up-to-date symlink: /home/gary/first_ws/install/my_robot_interfaces/include/my_robot_interfaces/my_robot_interfaces/msg/detail/new_turtle_pos__rosidl_typesupport_introspection_c.h
[0.831s] -- Up-to-date symlink: /home/gary/first_ws/install/my_robot_interfaces/include/my_robot_interfaces/my_robot_interfaces/msg/rosidl_typesupport_introspection_c__visibility_control.h
[0.832s] -- Up-to-date symlink: /home/gary/first_ws/install/my_robot_interfaces/include/my_robot_interfaces/my_robot_interfaces/srv/detail/compute_rectangle_area__rosidl_typesupport_introspection_c.h
[0.832s] -- Up-to-date symlink: /home/gary/first_ws/install/my_robot_interfaces/include/my_robot_interfaces/my_robot_interfaces/srv/detail/kill_turtle__rosidl_typesupport_introspection_c.h
[0.833s] -- Up-to-date symlink: /home/gary/first_ws/install/my_robot_interfaces/include/my_robot_interfaces/my_robot_interfaces/srv/detail/set_led__rosidl_typesupport_introspection_c.h
[0.834s] -- Up-to-date symlink: /home/gary/first_ws/install/my_robot_interfaces/include/my_robot_interfaces/my_robot_interfaces/msg/detail/hardware_status__builder.hpp
[0.834s] -- Up-to-date symlink: /home/gary/first_ws/install/my_robot_interfaces/include/my_robot_interfaces/my_robot_interfaces/msg/detail/hardware_status__struct.hpp
[0.836s] -- Up-to-date symlink: /home/gary/first_ws/install/my_robot_interfaces/include/my_robot_interfaces/my_robot_interfaces/msg/detail/hardware_status__traits.hpp
[0.836s] -- Up-to-date symlink: /home/gary/first_ws/install/my_robot_interfaces/include/my_robot_interfaces/my_robot_interfaces/msg/detail/led_panel_status__builder.hpp
[0.836s] -- Up-to-date symlink: /home/gary/first_ws/install/my_robot_interfaces/include/my_robot_interfaces/my_robot_interfaces/msg/detail/led_panel_status__struct.hpp
[0.837s] -- Up-to-date symlink: /home/gary/first_ws/install/my_robot_interfaces/include/my_robot_interfaces/my_robot_interfaces/msg/detail/led_panel_status__traits.hpp
[0.837s] -- Up-to-date symlink: /home/gary/first_ws/install/my_robot_interfaces/include/my_robot_interfaces/my_robot_interfaces/msg/detail/new_turtle_pos__builder.hpp
[0.837s] -- Up-to-date symlink: /home/gary/first_ws/install/my_robot_interfaces/include/my_robot_interfaces/my_robot_interfaces/msg/detail/new_turtle_pos__struct.hpp
[0.837s] -- Up-to-date symlink: /home/gary/first_ws/install/my_robot_interfaces/include/my_robot_interfaces/my_robot_interfaces/msg/detail/new_turtle_pos__traits.hpp
[0.837s] -- Up-to-date symlink: /home/gary/first_ws/install/my_robot_interfaces/include/my_robot_interfaces/my_robot_interfaces/msg/hardware_status.hpp
[0.837s] -- Up-to-date symlink: /home/gary/first_ws/install/my_robot_interfaces/include/my_robot_interfaces/my_robot_interfaces/msg/led_panel_status.hpp
[0.838s] -- Up-to-date symlink: /home/gary/first_ws/install/my_robot_interfaces/include/my_robot_interfaces/my_robot_interfaces/msg/new_turtle_pos.hpp
[0.838s] -- Up-to-date symlink: /home/gary/first_ws/install/my_robot_interfaces/include/my_robot_interfaces/my_robot_interfaces/srv/compute_rectangle_area.hpp
[0.838s] -- Up-to-date symlink: /home/gary/first_ws/install/my_robot_interfaces/include/my_robot_interfaces/my_robot_interfaces/srv/detail/compute_rectangle_area__builder.hpp
[0.838s] -- Up-to-date symlink: /home/gary/first_ws/install/my_robot_interfaces/include/my_robot_interfaces/my_robot_interfaces/srv/detail/compute_rectangle_area__struct.hpp
[0.838s] -- Up-to-date symlink: /home/gary/first_ws/install/my_robot_interfaces/include/my_robot_interfaces/my_robot_interfaces/srv/detail/compute_rectangle_area__traits.hpp
[0.839s] -- Up-to-date symlink: /home/gary/first_ws/install/my_robot_interfaces/include/my_robot_interfaces/my_robot_interfaces/srv/detail/kill_turtle__builder.hpp
[0.839s] -- Up-to-date symlink: /home/gary/first_ws/install/my_robot_interfaces/include/my_robot_interfaces/my_robot_interfaces/srv/detail/kill_turtle__struct.hpp
[0.839s] -- Up-to-date symlink: /home/gary/first_ws/install/my_robot_interfaces/include/my_robot_interfaces/my_robot_interfaces/srv/detail/kill_turtle__traits.hpp
[0.840s] -- Up-to-date symlink: /home/gary/first_ws/install/my_robot_interfaces/include/my_robot_interfaces/my_robot_interfaces/srv/detail/set_led__builder.hpp
[0.840s] -- Up-to-date symlink: /home/gary/first_ws/install/my_robot_interfaces/include/my_robot_interfaces/my_robot_interfaces/srv/detail/set_led__struct.hpp
[0.840s] -- Up-to-date symlink: /home/gary/first_ws/install/my_robot_interfaces/include/my_robot_interfaces/my_robot_interfaces/srv/detail/set_led__traits.hpp
[0.841s] -- Up-to-date symlink: /home/gary/first_ws/install/my_robot_interfaces/include/my_robot_interfaces/my_robot_interfaces/srv/kill_turtle.hpp
[0.841s] -- Up-to-date symlink: /home/gary/first_ws/install/my_robot_interfaces/include/my_robot_interfaces/my_robot_interfaces/srv/set_led.hpp
[0.843s] -- Up-to-date symlink: /home/gary/first_ws/install/my_robot_interfaces/include/my_robot_interfaces/my_robot_interfaces/msg/detail/hardware_status__rosidl_typesupport_fastrtps_cpp.hpp
[0.843s] -- Up-to-date symlink: /home/gary/first_ws/install/my_robot_interfaces/include/my_robot_interfaces/my_robot_interfaces/msg/detail/led_panel_status__rosidl_typesupport_fastrtps_cpp.hpp
[0.843s] -- Up-to-date symlink: /home/gary/first_ws/install/my_robot_interfaces/include/my_robot_interfaces/my_robot_interfaces/msg/detail/new_turtle_pos__rosidl_typesupport_fastrtps_cpp.hpp
[0.843s] -- Up-to-date symlink: /home/gary/first_ws/install/my_robot_interfaces/include/my_robot_interfaces/my_robot_interfaces/msg/rosidl_typesupport_fastrtps_cpp__visibility_control.h
[0.843s] -- Up-to-date symlink: /home/gary/first_ws/install/my_robot_interfaces/include/my_robot_interfaces/my_robot_interfaces/srv/detail/compute_rectangle_area__rosidl_typesupport_fastrtps_cpp.hpp
[0.844s] -- Up-to-date symlink: /home/gary/first_ws/install/my_robot_interfaces/include/my_robot_interfaces/my_robot_interfaces/srv/detail/kill_turtle__rosidl_typesupport_fastrtps_cpp.hpp
[0.844s] -- Up-to-date symlink: /home/gary/first_ws/install/my_robot_interfaces/include/my_robot_interfaces/my_robot_interfaces/srv/detail/set_led__rosidl_typesupport_fastrtps_cpp.hpp
[0.844s] -- Up-to-date symlink: /home/gary/first_ws/install/my_robot_interfaces/include/my_robot_interfaces/my_robot_interfaces/msg/detail/hardware_status__rosidl_typesupport_introspection_cpp.hpp
[0.844s] -- Up-to-date symlink: /home/gary/first_ws/install/my_robot_interfaces/include/my_robot_interfaces/my_robot_interfaces/msg/detail/led_panel_status__rosidl_typesupport_introspection_cpp.hpp
[0.844s] -- Up-to-date symlink: /home/gary/first_ws/install/my_robot_interfaces/include/my_robot_interfaces/my_robot_interfaces/msg/detail/new_turtle_pos__rosidl_typesupport_introspection_cpp.hpp
[0.845s] -- Up-to-date symlink: /home/gary/first_ws/install/my_robot_interfaces/include/my_robot_interfaces/my_robot_interfaces/srv/detail/compute_rectangle_area__rosidl_typesupport_introspection_cpp.hpp
[0.845s] -- Up-to-date symlink: /home/gary/first_ws/install/my_robot_interfaces/include/my_robot_interfaces/my_robot_interfaces/srv/detail/kill_turtle__rosidl_typesupport_introspection_cpp.hpp
[0.845s] -- Up-to-date symlink: /home/gary/first_ws/install/my_robot_interfaces/include/my_robot_interfaces/my_robot_interfaces/srv/detail/set_led__rosidl_typesupport_introspection_cpp.hpp
[0.845s] -- Up-to-date symlink: /home/gary/first_ws/install/my_robot_interfaces/share/my_robot_interfaces/environment/pythonpath.sh
[0.845s] -- Up-to-date symlink: /home/gary/first_ws/install/my_robot_interfaces/share/my_robot_interfaces/environment/pythonpath.dsv
[0.846s] -- Up-to-date symlink: /home/gary/first_ws/install/my_robot_interfaces/local/lib/python3.10/dist-packages/my_robot_interfaces-0.0.0-py3.10.egg-info/PKG-INFO
[0.846s] -- Up-to-date symlink: /home/gary/first_ws/install/my_robot_interfaces/local/lib/python3.10/dist-packages/my_robot_interfaces-0.0.0-py3.10.egg-info/SOURCES.txt
[0.846s] -- Up-to-date symlink: /home/gary/first_ws/install/my_robot_interfaces/local/lib/python3.10/dist-packages/my_robot_interfaces-0.0.0-py3.10.egg-info/dependency_links.txt
[0.846s] -- Up-to-date symlink: /home/gary/first_ws/install/my_robot_interfaces/local/lib/python3.10/dist-packages/my_robot_interfaces-0.0.0-py3.10.egg-info/top_level.txt
[0.848s] -- Up-to-date symlink: /home/gary/first_ws/install/my_robot_interfaces/local/lib/python3.10/dist-packages/my_robot_interfaces/__init__.py
[0.848s] -- Up-to-date symlink: /home/gary/first_ws/install/my_robot_interfaces/local/lib/python3.10/dist-packages/my_robot_interfaces/_my_robot_interfaces_s.ep.rosidl_typesupport_c.c
[0.848s] -- Up-to-date symlink: /home/gary/first_ws/install/my_robot_interfaces/local/lib/python3.10/dist-packages/my_robot_interfaces/_my_robot_interfaces_s.ep.rosidl_typesupport_fastrtps_c.c
[0.848s] -- Up-to-date symlink: /home/gary/first_ws/install/my_robot_interfaces/local/lib/python3.10/dist-packages/my_robot_interfaces/_my_robot_interfaces_s.ep.rosidl_typesupport_introspection_c.c
[0.849s] -- Up-to-date symlink: /home/gary/first_ws/install/my_robot_interfaces/local/lib/python3.10/dist-packages/my_robot_interfaces/libmy_robot_interfaces__rosidl_generator_py.so
[0.849s] -- Up-to-date symlink: /home/gary/first_ws/install/my_robot_interfaces/local/lib/python3.10/dist-packages/my_robot_interfaces/msg/__init__.py
[0.849s] -- Up-to-date symlink: /home/gary/first_ws/install/my_robot_interfaces/local/lib/python3.10/dist-packages/my_robot_interfaces/msg/_hardware_status.py
[0.849s] -- Up-to-date symlink: /home/gary/first_ws/install/my_robot_interfaces/local/lib/python3.10/dist-packages/my_robot_interfaces/msg/_hardware_status_s.c
[0.850s] -- Up-to-date symlink: /home/gary/first_ws/install/my_robot_interfaces/local/lib/python3.10/dist-packages/my_robot_interfaces/msg/_led_panel_status.py
[0.850s] -- Up-to-date symlink: /home/gary/first_ws/install/my_robot_interfaces/local/lib/python3.10/dist-packages/my_robot_interfaces/msg/_led_panel_status_s.c
[0.851s] -- Up-to-date symlink: /home/gary/first_ws/install/my_robot_interfaces/local/lib/python3.10/dist-packages/my_robot_interfaces/msg/_new_turtle_pos.py
[0.851s] -- Up-to-date symlink: /home/gary/first_ws/install/my_robot_interfaces/local/lib/python3.10/dist-packages/my_robot_interfaces/msg/_new_turtle_pos_s.c
[0.851s] -- Up-to-date symlink: /home/gary/first_ws/install/my_robot_interfaces/local/lib/python3.10/dist-packages/my_robot_interfaces/my_robot_interfaces_s__rosidl_typesupport_c.cpython-310-x86_64-linux-gnu.so
[0.852s] -- Up-to-date symlink: /home/gary/first_ws/install/my_robot_interfaces/local/lib/python3.10/dist-packages/my_robot_interfaces/my_robot_interfaces_s__rosidl_typesupport_fastrtps_c.cpython-310-x86_64-linux-gnu.so
[0.852s] -- Up-to-date symlink: /home/gary/first_ws/install/my_robot_interfaces/local/lib/python3.10/dist-packages/my_robot_interfaces/my_robot_interfaces_s__rosidl_typesupport_introspection_c.cpython-310-x86_64-linux-gnu.so
[0.852s] -- Up-to-date symlink: /home/gary/first_ws/install/my_robot_interfaces/local/lib/python3.10/dist-packages/my_robot_interfaces/srv/__init__.py
[0.852s] -- Up-to-date symlink: /home/gary/first_ws/install/my_robot_interfaces/local/lib/python3.10/dist-packages/my_robot_interfaces/srv/_compute_rectangle_area.py
[0.852s] -- Up-to-date symlink: /home/gary/first_ws/install/my_robot_interfaces/local/lib/python3.10/dist-packages/my_robot_interfaces/srv/_compute_rectangle_area_s.c
[0.853s] -- Up-to-date symlink: /home/gary/first_ws/install/my_robot_interfaces/local/lib/python3.10/dist-packages/my_robot_interfaces/srv/_kill_turtle.py
[0.853s] -- Up-to-date symlink: /home/gary/first_ws/install/my_robot_interfaces/local/lib/python3.10/dist-packages/my_robot_interfaces/srv/_kill_turtle_s.c
[0.853s] -- Up-to-date symlink: /home/gary/first_ws/install/my_robot_interfaces/local/lib/python3.10/dist-packages/my_robot_interfaces/srv/_set_led.py
[0.853s] -- Up-to-date symlink: /home/gary/first_ws/install/my_robot_interfaces/local/lib/python3.10/dist-packages/my_robot_interfaces/srv/_set_led_s.c
[0.853s] -- Up-to-date symlink: /home/gary/first_ws/install/my_robot_interfaces/local/lib/python3.10/dist-packages/my_robot_interfaces/my_robot_interfaces_s__rosidl_typesupport_fastrtps_c.cpython-310-x86_64-linux-gnu.so
[0.854s] -- Up-to-date symlink: /home/gary/first_ws/install/my_robot_interfaces/local/lib/python3.10/dist-packages/my_robot_interfaces/my_robot_interfaces_s__rosidl_typesupport_introspection_c.cpython-310-x86_64-linux-gnu.so
[0.854s] -- Up-to-date symlink: /home/gary/first_ws/install/my_robot_interfaces/local/lib/python3.10/dist-packages/my_robot_interfaces/my_robot_interfaces_s__rosidl_typesupport_c.cpython-310-x86_64-linux-gnu.so
[0.855s] -- Up-to-date symlink: /home/gary/first_ws/install/my_robot_interfaces/share/my_robot_interfaces/msg/HardwareStatus.idl
[0.855s] -- Up-to-date symlink: /home/gary/first_ws/install/my_robot_interfaces/share/my_robot_interfaces/msg/LedPanelStatus.idl
[0.855s] -- Up-to-date symlink: /home/gary/first_ws/install/my_robot_interfaces/share/my_robot_interfaces/msg/NewTurtlePos.idl
[0.856s] -- Up-to-date symlink: /home/gary/first_ws/install/my_robot_interfaces/share/my_robot_interfaces/srv/ComputeRectangleArea.idl
[0.856s] -- Up-to-date symlink: /home/gary/first_ws/install/my_robot_interfaces/share/my_robot_interfaces/srv/SetLED.idl
[0.856s] -- Up-to-date symlink: /home/gary/first_ws/install/my_robot_interfaces/share/my_robot_interfaces/srv/KillTurtle.idl
[0.856s] -- Up-to-date symlink: /home/gary/first_ws/install/my_robot_interfaces/share/my_robot_interfaces/msg/HardwareStatus.msg
[0.857s] -- Up-to-date symlink: /home/gary/first_ws/install/my_robot_interfaces/share/my_robot_interfaces/msg/LedPanelStatus.msg
[0.857s] -- Up-to-date symlink: /home/gary/first_ws/install/my_robot_interfaces/share/my_robot_interfaces/msg/NewTurtlePos.msg
[0.857s] -- Up-to-date symlink: /home/gary/first_ws/install/my_robot_interfaces/share/my_robot_interfaces/srv/ComputeRectangleArea.srv
[0.857s] -- Up-to-date symlink: /home/gary/first_ws/install/my_robot_interfaces/share/my_robot_interfaces/srv/ComputeRectangleArea_Request.msg
[0.858s] -- Up-to-date symlink: /home/gary/first_ws/install/my_robot_interfaces/share/my_robot_interfaces/srv/ComputeRectangleArea_Response.msg
[0.858s] -- Up-to-date symlink: /home/gary/first_ws/install/my_robot_interfaces/share/my_robot_interfaces/srv/SetLED.srv
[0.858s] -- Up-to-date symlink: /home/gary/first_ws/install/my_robot_interfaces/share/my_robot_interfaces/srv/SetLED_Request.msg
[0.859s] -- Up-to-date symlink: /home/gary/first_ws/install/my_robot_interfaces/share/my_robot_interfaces/srv/SetLED_Response.msg
[0.859s] -- Up-to-date symlink: /home/gary/first_ws/install/my_robot_interfaces/share/my_robot_interfaces/srv/KillTurtle.srv
[0.859s] -- Up-to-date symlink: /home/gary/first_ws/install/my_robot_interfaces/share/my_robot_interfaces/srv/KillTurtle_Request.msg
[0.860s] -- Up-to-date symlink: /home/gary/first_ws/install/my_robot_interfaces/share/my_robot_interfaces/srv/KillTurtle_Response.msg
[0.860s] -- Up-to-date symlink: /home/gary/first_ws/install/my_robot_interfaces/share/ament_index/resource_index/package_run_dependencies/my_robot_interfaces
[0.860s] -- Up-to-date symlink: /home/gary/first_ws/install/my_robot_interfaces/share/ament_index/resource_index/parent_prefix_path/my_robot_interfaces
[0.860s] -- Up-to-date symlink: /home/gary/first_ws/install/my_robot_interfaces/share/my_robot_interfaces/environment/ament_prefix_path.sh
[0.861s] -- Up-to-date symlink: /home/gary/first_ws/install/my_robot_interfaces/share/my_robot_interfaces/environment/ament_prefix_path.dsv
[0.861s] -- Up-to-date symlink: /home/gary/first_ws/install/my_robot_interfaces/share/my_robot_interfaces/environment/path.sh
[0.861s] -- Up-to-date symlink: /home/gary/first_ws/install/my_robot_interfaces/share/my_robot_interfaces/environment/path.dsv
[0.861s] -- Up-to-date symlink: /home/gary/first_ws/install/my_robot_interfaces/share/my_robot_interfaces/local_setup.bash
[0.862s] -- Up-to-date symlink: /home/gary/first_ws/install/my_robot_interfaces/share/my_robot_interfaces/local_setup.sh
[0.862s] -- Up-to-date symlink: /home/gary/first_ws/install/my_robot_interfaces/share/my_robot_interfaces/local_setup.zsh
[0.863s] -- Up-to-date symlink: /home/gary/first_ws/install/my_robot_interfaces/share/my_robot_interfaces/local_setup.dsv
[0.863s] -- Symlinking: /home/gary/first_ws/install/my_robot_interfaces/share/my_robot_interfaces/package.dsv
[0.875s] -- Up-to-date symlink: /home/gary/first_ws/install/my_robot_interfaces/share/ament_index/resource_index/packages/my_robot_interfaces
[0.875s] -- Up-to-date symlink: /home/gary/first_ws/install/my_robot_interfaces/share/my_robot_interfaces/cmake/rosidl_cmake-extras.cmake
[0.875s] -- Up-to-date symlink: /home/gary/first_ws/install/my_robot_interfaces/share/my_robot_interfaces/cmake/ament_cmake_export_include_directories-extras.cmake
[0.876s] -- Up-to-date symlink: /home/gary/first_ws/install/my_robot_interfaces/share/my_robot_interfaces/cmake/ament_cmake_export_libraries-extras.cmake
[0.876s] -- Up-to-date symlink: /home/gary/first_ws/install/my_robot_interfaces/share/my_robot_interfaces/cmake/ament_cmake_export_targets-extras.cmake
[0.876s] -- Up-to-date symlink: /home/gary/first_ws/install/my_robot_interfaces/share/my_robot_interfaces/cmake/rosidl_cmake_export_typesupport_targets-extras.cmake
[0.876s] -- Up-to-date symlink: /home/gary/first_ws/install/my_robot_interfaces/share/my_robot_interfaces/cmake/ament_cmake_export_dependencies-extras.cmake
[0.877s] -- Up-to-date symlink: /home/gary/first_ws/install/my_robot_interfaces/share/my_robot_interfaces/cmake/rosidl_cmake_export_typesupport_libraries-extras.cmake
[0.877s] -- Up-to-date symlink: /home/gary/first_ws/install/my_robot_interfaces/share/my_robot_interfaces/cmake/my_robot_interfacesConfig.cmake
[0.878s] -- Up-to-date symlink: /home/gary/first_ws/install/my_robot_interfaces/share/my_robot_interfaces/cmake/my_robot_interfacesConfig-version.cmake
[0.878s] -- Up-to-date symlink: /home/gary/first_ws/install/my_robot_interfaces/share/my_robot_interfaces/package.xml
[0.879s] -- Up-to-date: /home/gary/first_ws/install/my_robot_interfaces/lib/libmy_robot_interfaces__rosidl_generator_c.so
[0.880s] -- Up-to-date: /home/gary/first_ws/install/my_robot_interfaces/lib/libmy_robot_interfaces__rosidl_typesupport_fastrtps_c.so
[0.880s] -- Up-to-date: /home/gary/first_ws/install/my_robot_interfaces/lib/libmy_robot_interfaces__rosidl_typesupport_introspection_c.so
[0.881s] -- Up-to-date: /home/gary/first_ws/install/my_robot_interfaces/lib/libmy_robot_interfaces__rosidl_typesupport_c.so
[0.881s] -- Up-to-date: /home/gary/first_ws/install/my_robot_interfaces/lib/libmy_robot_interfaces__rosidl_typesupport_fastrtps_cpp.so
[0.882s] -- Up-to-date: /home/gary/first_ws/install/my_robot_interfaces/lib/libmy_robot_interfaces__rosidl_typesupport_introspection_cpp.so
[0.882s] -- Up-to-date: /home/gary/first_ws/install/my_robot_interfaces/lib/libmy_robot_interfaces__rosidl_typesupport_cpp.so
[0.936s] Listing '/home/gary/first_ws/install/my_robot_interfaces/local/lib/python3.10/dist-packages/my_robot_interfaces'...
[0.936s] Listing '/home/gary/first_ws/install/my_robot_interfaces/local/lib/python3.10/dist-packages/my_robot_interfaces/msg'...
[0.936s] Listing '/home/gary/first_ws/install/my_robot_interfaces/local/lib/python3.10/dist-packages/my_robot_interfaces/srv'...
[0.941s] -- Up-to-date: /home/gary/first_ws/install/my_robot_interfaces/lib/libmy_robot_interfaces__rosidl_generator_py.so
[0.941s] -- Up-to-date: /home/gary/first_ws/install/my_robot_interfaces/share/my_robot_interfaces/cmake/export_my_robot_interfaces__rosidl_generator_cExport.cmake
[0.942s] -- Up-to-date: /home/gary/first_ws/install/my_robot_interfaces/share/my_robot_interfaces/cmake/export_my_robot_interfaces__rosidl_generator_cExport-noconfig.cmake
[0.942s] -- Up-to-date: /home/gary/first_ws/install/my_robot_interfaces/share/my_robot_interfaces/cmake/export_my_robot_interfaces__rosidl_typesupport_fastrtps_cExport.cmake
[0.942s] -- Up-to-date: /home/gary/first_ws/install/my_robot_interfaces/share/my_robot_interfaces/cmake/export_my_robot_interfaces__rosidl_typesupport_fastrtps_cExport-noconfig.cmake
[0.942s] -- Up-to-date: /home/gary/first_ws/install/my_robot_interfaces/share/my_robot_interfaces/cmake/my_robot_interfaces__rosidl_typesupport_introspection_cExport.cmake
[0.942s] -- Up-to-date: /home/gary/first_ws/install/my_robot_interfaces/share/my_robot_interfaces/cmake/my_robot_interfaces__rosidl_typesupport_introspection_cExport-noconfig.cmake
[0.943s] -- Up-to-date: /home/gary/first_ws/install/my_robot_interfaces/share/my_robot_interfaces/cmake/my_robot_interfaces__rosidl_typesupport_cExport.cmake
[0.943s] -- Up-to-date: /home/gary/first_ws/install/my_robot_interfaces/share/my_robot_interfaces/cmake/my_robot_interfaces__rosidl_typesupport_cExport-noconfig.cmake
[0.943s] -- Up-to-date: /home/gary/first_ws/install/my_robot_interfaces/share/my_robot_interfaces/cmake/export_my_robot_interfaces__rosidl_generator_cppExport.cmake
[0.943s] -- Up-to-date: /home/gary/first_ws/install/my_robot_interfaces/share/my_robot_interfaces/cmake/export_my_robot_interfaces__rosidl_typesupport_fastrtps_cppExport.cmake
[0.943s] -- Up-to-date: /home/gary/first_ws/install/my_robot_interfaces/share/my_robot_interfaces/cmake/export_my_robot_interfaces__rosidl_typesupport_fastrtps_cppExport-noconfig.cmake
[0.943s] -- Up-to-date: /home/gary/first_ws/install/my_robot_interfaces/share/my_robot_interfaces/cmake/my_robot_interfaces__rosidl_typesupport_introspection_cppExport.cmake
[0.943s] -- Up-to-date: /home/gary/first_ws/install/my_robot_interfaces/share/my_robot_interfaces/cmake/my_robot_interfaces__rosidl_typesupport_introspection_cppExport-noconfig.cmake
[0.944s] -- Up-to-date: /home/gary/first_ws/install/my_robot_interfaces/share/my_robot_interfaces/cmake/my_robot_interfaces__rosidl_typesupport_cppExport.cmake
[0.944s] -- Up-to-date: /home/gary/first_ws/install/my_robot_interfaces/share/my_robot_interfaces/cmake/my_robot_interfaces__rosidl_typesupport_cppExport-noconfig.cmake
[0.944s] -- Up-to-date: /home/gary/first_ws/install/my_robot_interfaces/share/my_robot_interfaces/cmake/export_my_robot_interfaces__rosidl_generator_pyExport.cmake
[0.944s] -- Up-to-date: /home/gary/first_ws/install/my_robot_interfaces/share/my_robot_interfaces/cmake/export_my_robot_interfaces__rosidl_generator_pyExport-noconfig.cmake
[0.948s] Invoked command in '/home/gary/first_ws/build/my_robot_interfaces' returned '0': CMAKE_PREFIX_PATH=${CMAKE_PREFIX_PATH}:/home/gary/first_ws/install/turtlesim_catch_them_all:/home/gary/first_ws/install/my_py_pkg:/opt/ros/humble /usr/bin/cmake --install /home/gary/first_ws/build/my_robot_interfaces
