[1.091s] Invoking command in '/home/gary/first_ws/build/my_py_pkg': CMAKE_PREFIX_PATH=/home/gary/first_ws/install/my_robot_interfaces:/home/gary/first_ws/install/my_robot_bringup PYTHONPATH=/home/gary/first_ws/build/my_py_pkg/prefix_override:/home/gary/first_ws/install/my_py_pkg/lib/python3.10/site-packages:${PYTHONPATH} /usr/bin/python3 setup.py develop --uninstall --editable --build-directory /home/gary/first_ws/build/my_py_pkg/build
[1.384s] running develop
[1.549s] Removing /home/gary/first_ws/install/my_py_pkg/lib/python3.10/site-packages/my-py-pkg.egg-link (link to .)
[1.578s] Invoked command in '/home/gary/first_ws/build/my_py_pkg' returned '0': CMAKE_PREFIX_PATH=/home/gary/first_ws/install/my_robot_interfaces:/home/gary/first_ws/install/my_robot_bringup PYTHONPATH=/home/gary/first_ws/build/my_py_pkg/prefix_override:/home/gary/first_ws/install/my_py_pkg/lib/python3.10/site-packages:${PYTHONPATH} /usr/bin/python3 setup.py develop --uninstall --editable --build-directory /home/gary/first_ws/build/my_py_pkg/build
[1.580s] Invoking command in '/home/gary/first_ws/src/my_py_pkg': CMAKE_PREFIX_PATH=/home/gary/first_ws/install/my_robot_interfaces:/home/gary/first_ws/install/my_robot_bringup PYTHONPATH=/home/gary/first_ws/build/my_py_pkg/prefix_override:/home/gary/first_ws/install/my_py_pkg/lib/python3.10/site-packages:${PYTHONPATH} /usr/bin/python3 setup.py egg_info --egg-base ../../build/my_py_pkg build --build-base /home/gary/first_ws/build/my_py_pkg/build install --record /home/gary/first_ws/build/my_py_pkg/install.log --single-version-externally-managed
[1.847s] running egg_info
[1.848s] writing ../../build/my_py_pkg/my_py_pkg.egg-info/PKG-INFO
[1.848s] writing dependency_links to ../../build/my_py_pkg/my_py_pkg.egg-info/dependency_links.txt
[1.849s] writing entry points to ../../build/my_py_pkg/my_py_pkg.egg-info/entry_points.txt
[1.850s] writing requirements to ../../build/my_py_pkg/my_py_pkg.egg-info/requires.txt
[1.850s] writing top-level names to ../../build/my_py_pkg/my_py_pkg.egg-info/top_level.txt
[1.853s] reading manifest file '../../build/my_py_pkg/my_py_pkg.egg-info/SOURCES.txt'
[1.854s] writing manifest file '../../build/my_py_pkg/my_py_pkg.egg-info/SOURCES.txt'
[1.854s] running build
[1.855s] running build_py
[1.855s] copying my_py_pkg/battery_node.py -> /home/gary/first_ws/build/my_py_pkg/build/lib/my_py_pkg
[1.855s] copying my_py_pkg/add_two_ints_client.py -> /home/gary/first_ws/build/my_py_pkg/build/lib/my_py_pkg
[1.855s] copying my_py_pkg/add_two_ints_server.py -> /home/gary/first_ws/build/my_py_pkg/build/lib/my_py_pkg
[1.856s] copying my_py_pkg/my_counter.py -> /home/gary/first_ws/build/my_py_pkg/build/lib/my_py_pkg
[1.856s] copying my_py_pkg/count_catch.py -> /home/gary/first_ws/build/my_py_pkg/build/lib/my_py_pkg
[1.856s] copying my_py_pkg/add_two_ints_client_oop.py -> /home/gary/first_ws/build/my_py_pkg/build/lib/my_py_pkg
[1.857s] copying my_py_pkg/smartphone.py -> /home/gary/first_ws/build/my_py_pkg/build/lib/my_py_pkg
[1.857s] copying my_py_pkg/led_panel_node.py -> /home/gary/first_ws/build/my_py_pkg/build/lib/my_py_pkg
[1.857s] copying my_py_pkg/hw_status_publisher.py -> /home/gary/first_ws/build/my_py_pkg/build/lib/my_py_pkg
[1.857s] copying my_py_pkg/robot_news_station.py -> /home/gary/first_ws/build/my_py_pkg/build/lib/my_py_pkg
[1.858s] copying my_py_pkg/node_template.py -> /home/gary/first_ws/build/my_py_pkg/build/lib/my_py_pkg
[1.858s] running install
[1.859s] running install_lib
[1.860s] creating /home/gary/first_ws/install/my_py_pkg/lib/python3.10/site-packages/my_py_pkg
[1.860s] copying /home/gary/first_ws/build/my_py_pkg/build/lib/my_py_pkg/battery_node.py -> /home/gary/first_ws/install/my_py_pkg/lib/python3.10/site-packages/my_py_pkg
[1.860s] copying /home/gary/first_ws/build/my_py_pkg/build/lib/my_py_pkg/add_two_ints_client.py -> /home/gary/first_ws/install/my_py_pkg/lib/python3.10/site-packages/my_py_pkg
[1.860s] copying /home/gary/first_ws/build/my_py_pkg/build/lib/my_py_pkg/my_first_node.py -> /home/gary/first_ws/install/my_py_pkg/lib/python3.10/site-packages/my_py_pkg
[1.861s] copying /home/gary/first_ws/build/my_py_pkg/build/lib/my_py_pkg/add_two_ints_server.py -> /home/gary/first_ws/install/my_py_pkg/lib/python3.10/site-packages/my_py_pkg
[1.861s] copying /home/gary/first_ws/build/my_py_pkg/build/lib/my_py_pkg/my_counter.py -> /home/gary/first_ws/install/my_py_pkg/lib/python3.10/site-packages/my_py_pkg
[1.861s] copying /home/gary/first_ws/build/my_py_pkg/build/lib/my_py_pkg/count_catch.py -> /home/gary/first_ws/install/my_py_pkg/lib/python3.10/site-packages/my_py_pkg
[1.862s] copying /home/gary/first_ws/build/my_py_pkg/build/lib/my_py_pkg/add_two_ints_client_oop.py -> /home/gary/first_ws/install/my_py_pkg/lib/python3.10/site-packages/my_py_pkg
[1.862s] copying /home/gary/first_ws/build/my_py_pkg/build/lib/my_py_pkg/smartphone.py -> /home/gary/first_ws/install/my_py_pkg/lib/python3.10/site-packages/my_py_pkg
[1.862s] copying /home/gary/first_ws/build/my_py_pkg/build/lib/my_py_pkg/led_panel_node.py -> /home/gary/first_ws/install/my_py_pkg/lib/python3.10/site-packages/my_py_pkg
[1.862s] copying /home/gary/first_ws/build/my_py_pkg/build/lib/my_py_pkg/__init__.py -> /home/gary/first_ws/install/my_py_pkg/lib/python3.10/site-packages/my_py_pkg
[1.863s] copying /home/gary/first_ws/build/my_py_pkg/build/lib/my_py_pkg/hw_status_publisher.py -> /home/gary/first_ws/install/my_py_pkg/lib/python3.10/site-packages/my_py_pkg
[1.863s] copying /home/gary/first_ws/build/my_py_pkg/build/lib/my_py_pkg/robot_news_station.py -> /home/gary/first_ws/install/my_py_pkg/lib/python3.10/site-packages/my_py_pkg
[1.863s] copying /home/gary/first_ws/build/my_py_pkg/build/lib/my_py_pkg/node_template.py -> /home/gary/first_ws/install/my_py_pkg/lib/python3.10/site-packages/my_py_pkg
[1.864s] byte-compiling /home/gary/first_ws/install/my_py_pkg/lib/python3.10/site-packages/my_py_pkg/battery_node.py to battery_node.cpython-310.pyc
[1.865s] byte-compiling /home/gary/first_ws/install/my_py_pkg/lib/python3.10/site-packages/my_py_pkg/add_two_ints_client.py to add_two_ints_client.cpython-310.pyc
[1.865s] byte-compiling /home/gary/first_ws/install/my_py_pkg/lib/python3.10/site-packages/my_py_pkg/my_first_node.py to my_first_node.cpython-310.pyc
[1.865s] byte-compiling /home/gary/first_ws/install/my_py_pkg/lib/python3.10/site-packages/my_py_pkg/add_two_ints_server.py to add_two_ints_server.cpython-310.pyc
[1.866s] byte-compiling /home/gary/first_ws/install/my_py_pkg/lib/python3.10/site-packages/my_py_pkg/my_counter.py to my_counter.cpython-310.pyc
[1.866s] byte-compiling /home/gary/first_ws/install/my_py_pkg/lib/python3.10/site-packages/my_py_pkg/count_catch.py to count_catch.cpython-310.pyc
[1.867s] byte-compiling /home/gary/first_ws/install/my_py_pkg/lib/python3.10/site-packages/my_py_pkg/add_two_ints_client_oop.py to add_two_ints_client_oop.cpython-310.pyc
[1.867s] byte-compiling /home/gary/first_ws/install/my_py_pkg/lib/python3.10/site-packages/my_py_pkg/smartphone.py to smartphone.cpython-310.pyc
[1.868s] byte-compiling /home/gary/first_ws/install/my_py_pkg/lib/python3.10/site-packages/my_py_pkg/led_panel_node.py to led_panel_node.cpython-310.pyc
[1.868s] byte-compiling /home/gary/first_ws/install/my_py_pkg/lib/python3.10/site-packages/my_py_pkg/__init__.py to __init__.cpython-310.pyc
[1.868s] byte-compiling /home/gary/first_ws/install/my_py_pkg/lib/python3.10/site-packages/my_py_pkg/hw_status_publisher.py to hw_status_publisher.cpython-310.pyc
[1.869s] byte-compiling /home/gary/first_ws/install/my_py_pkg/lib/python3.10/site-packages/my_py_pkg/robot_news_station.py to robot_news_station.cpython-310.pyc
[1.869s] byte-compiling /home/gary/first_ws/install/my_py_pkg/lib/python3.10/site-packages/my_py_pkg/node_template.py to node_template.cpython-310.pyc
[1.870s] running install_data
[1.870s] running install_egg_info
[1.872s] Copying ../../build/my_py_pkg/my_py_pkg.egg-info to /home/gary/first_ws/install/my_py_pkg/lib/python3.10/site-packages/my_py_pkg-0.0.0-py3.10.egg-info
[1.874s] running install_scripts
[1.893s] Installing add_two_ints_client script to /home/gary/first_ws/install/my_py_pkg/lib/my_py_pkg
[1.894s] Installing add_two_ints_client_oop script to /home/gary/first_ws/install/my_py_pkg/lib/my_py_pkg
[1.894s] Installing add_two_ints_server script to /home/gary/first_ws/install/my_py_pkg/lib/my_py_pkg
[1.895s] Installing battery_node script to /home/gary/first_ws/install/my_py_pkg/lib/my_py_pkg
[1.895s] Installing count_catch script to /home/gary/first_ws/install/my_py_pkg/lib/my_py_pkg
[1.896s] Installing hw_status_publisher script to /home/gary/first_ws/install/my_py_pkg/lib/my_py_pkg
[1.896s] Installing led_panel_node script to /home/gary/first_ws/install/my_py_pkg/lib/my_py_pkg
[1.896s] Installing my_counter script to /home/gary/first_ws/install/my_py_pkg/lib/my_py_pkg
[1.897s] Installing py_node script to /home/gary/first_ws/install/my_py_pkg/lib/my_py_pkg
[1.897s] Installing robot_new_staton script to /home/gary/first_ws/install/my_py_pkg/lib/my_py_pkg
[1.897s] Installing smartphone script to /home/gary/first_ws/install/my_py_pkg/lib/my_py_pkg
[1.897s] writing list of installed files to '/home/gary/first_ws/build/my_py_pkg/install.log'
[1.927s] Invoked command in '/home/gary/first_ws/src/my_py_pkg' returned '0': CMAKE_PREFIX_PATH=/home/gary/first_ws/install/my_robot_interfaces:/home/gary/first_ws/install/my_robot_bringup PYTHONPATH=/home/gary/first_ws/build/my_py_pkg/prefix_override:/home/gary/first_ws/install/my_py_pkg/lib/python3.10/site-packages:${PYTHONPATH} /usr/bin/python3 setup.py egg_info --egg-base ../../build/my_py_pkg build --build-base /home/gary/first_ws/build/my_py_pkg/build install --record /home/gary/first_ws/build/my_py_pkg/install.log --single-version-externally-managed
