[1.156s] Invoking command in '/home/gary/first_ws/build/my_py_pkg': PYTHONPATH=/home/gary/first_ws/build/my_py_pkg/prefix_override:/home/gary/first_ws/install/my_py_pkg/lib/python3.10/site-packages:${PYTHONPATH} /usr/bin/python3 setup.py develop --editable --build-directory /home/gary/first_ws/build/my_py_pkg/build --no-deps install_data
[1.437s] running develop
[1.606s] running egg_info
[1.606s] writing my_py_pkg.egg-info/PKG-INFO
[1.607s] writing dependency_links to my_py_pkg.egg-info/dependency_links.txt
[1.607s] writing entry points to my_py_pkg.egg-info/entry_points.txt
[1.607s] writing requirements to my_py_pkg.egg-info/requires.txt
[1.607s] writing top-level names to my_py_pkg.egg-info/top_level.txt
[1.609s] reading manifest file 'my_py_pkg.egg-info/SOURCES.txt'
[1.610s] writing manifest file 'my_py_pkg.egg-info/SOURCES.txt'
[1.613s] running build_ext
[1.613s] Creating /home/gary/first_ws/install/my_py_pkg/lib/python3.10/site-packages/my-py-pkg.egg-link (link to .)
[1.614s] Installing add_two_ints_client script to /home/gary/first_ws/install/my_py_pkg/lib/my_py_pkg
[1.614s] Installing add_two_ints_client_oop script to /home/gary/first_ws/install/my_py_pkg/lib/my_py_pkg
[1.615s] Installing add_two_ints_server script to /home/gary/first_ws/install/my_py_pkg/lib/my_py_pkg
[1.615s] Installing battery_node script to /home/gary/first_ws/install/my_py_pkg/lib/my_py_pkg
[1.615s] Installing count_catch script to /home/gary/first_ws/install/my_py_pkg/lib/my_py_pkg
[1.616s] Installing hw_status_publisher script to /home/gary/first_ws/install/my_py_pkg/lib/my_py_pkg
[1.616s] Installing my_counter script to /home/gary/first_ws/install/my_py_pkg/lib/my_py_pkg
[1.616s] Installing py_node script to /home/gary/first_ws/install/my_py_pkg/lib/my_py_pkg
[1.617s] Installing robot_new_staton script to /home/gary/first_ws/install/my_py_pkg/lib/my_py_pkg
[1.617s] Installing smartphone script to /home/gary/first_ws/install/my_py_pkg/lib/my_py_pkg
[1.617s] 
[1.617s] Installed /home/gary/first_ws/build/my_py_pkg
[1.617s] running install_data
[1.650s] Invoked command in '/home/gary/first_ws/build/my_py_pkg' returned '0': PYTHONPATH=/home/gary/first_ws/build/my_py_pkg/prefix_override:/home/gary/first_ws/install/my_py_pkg/lib/python3.10/site-packages:${PYTHONPATH} /usr/bin/python3 setup.py develop --editable --build-directory /home/gary/first_ws/build/my_py_pkg/build --no-deps install_data
