[0.089s] Invoking command in '/home/gary/first_ws/src/my_robot_bringup/build/my_robot_bringup': CMAKE_PREFIX_PATH=${CMAKE_PREFIX_PATH}:/home/gary/first_ws/install/my_py_pkg:/opt/ros/humble /usr/bin/cmake /home/gary/first_ws/src/my_robot_bringup -DCMAKE_INSTALL_PREFIX=/home/gary/first_ws/src/my_robot_bringup/install/my_robot_bringup
[0.352s] -- The C compiler identification is GNU 11.4.0
[1.305s] -- The CXX compiler identification is GNU 11.4.0
[2.021s] -- Detecting C compiler ABI info
[2.278s] -- Detecting C compiler ABI info - done
[2.288s] -- Check for working C compiler: /usr/bin/cc - skipped
[2.288s] -- Detecting C compile features
[2.288s] -- Detecting C compile features - done
[2.291s] -- Detecting CXX compiler ABI info
[2.563s] -- Detecting CXX compiler ABI info - done
[2.573s] -- Check for working CXX compiler: /usr/bin/c++ - skipped
[2.573s] -- Detecting CXX compile features
[2.573s] -- Detecting CXX compile features - done
[2.576s] -- Found ament_cmake: 1.3.7 (/opt/ros/humble/share/ament_cmake/cmake)
[2.773s] -- Found Python3: /usr/bin/python3.10 (found version "3.10.12") found components: Interpreter 
[2.953s] -- Configuring done
[2.957s] -- Generating done
[2.958s] -- Build files have been written to: /home/gary/first_ws/src/my_robot_bringup/build/my_robot_bringup
[2.964s] Invoked command in '/home/gary/first_ws/src/my_robot_bringup/build/my_robot_bringup' returned '0': CMAKE_PREFIX_PATH=${CMAKE_PREFIX_PATH}:/home/gary/first_ws/install/my_py_pkg:/opt/ros/humble /usr/bin/cmake /home/gary/first_ws/src/my_robot_bringup -DCMAKE_INSTALL_PREFIX=/home/gary/first_ws/src/my_robot_bringup/install/my_robot_bringup
[2.968s] Invoking command in '/home/gary/first_ws/src/my_robot_bringup/build/my_robot_bringup': CMAKE_PREFIX_PATH=${CMAKE_PREFIX_PATH}:/home/gary/first_ws/install/my_py_pkg:/opt/ros/humble /usr/bin/cmake --build /home/gary/first_ws/src/my_robot_bringup/build/my_robot_bringup -- -j8 -l8
[3.005s] Invoked command in '/home/gary/first_ws/src/my_robot_bringup/build/my_robot_bringup' returned '0': CMAKE_PREFIX_PATH=${CMAKE_PREFIX_PATH}:/home/gary/first_ws/install/my_py_pkg:/opt/ros/humble /usr/bin/cmake --build /home/gary/first_ws/src/my_robot_bringup/build/my_robot_bringup -- -j8 -l8
[3.043s] Invoking command in '/home/gary/first_ws/src/my_robot_bringup/build/my_robot_bringup': CMAKE_PREFIX_PATH=${CMAKE_PREFIX_PATH}:/home/gary/first_ws/install/my_py_pkg:/opt/ros/humble /usr/bin/cmake --install /home/gary/first_ws/src/my_robot_bringup/build/my_robot_bringup
[3.051s] -- Install configuration: ""
[3.051s] -- Installing: /home/gary/first_ws/src/my_robot_bringup/install/my_robot_bringup/share/my_robot_bringup/launch
[3.051s] -- Installing: /home/gary/first_ws/src/my_robot_bringup/install/my_robot_bringup/share/my_robot_bringup/launch/number_app.launch.py
[3.052s] -- Installing: /home/gary/first_ws/src/my_robot_bringup/install/my_robot_bringup/share/ament_index/resource_index/package_run_dependencies/my_robot_bringup
[3.052s] -- Installing: /home/gary/first_ws/src/my_robot_bringup/install/my_robot_bringup/share/ament_index/resource_index/parent_prefix_path/my_robot_bringup
[3.053s] -- Installing: /home/gary/first_ws/src/my_robot_bringup/install/my_robot_bringup/share/my_robot_bringup/environment/ament_prefix_path.sh
[3.053s] -- Installing: /home/gary/first_ws/src/my_robot_bringup/install/my_robot_bringup/share/my_robot_bringup/environment/ament_prefix_path.dsv
[3.053s] -- Installing: /home/gary/first_ws/src/my_robot_bringup/install/my_robot_bringup/share/my_robot_bringup/environment/path.sh
[3.054s] -- Installing: /home/gary/first_ws/src/my_robot_bringup/install/my_robot_bringup/share/my_robot_bringup/environment/path.dsv
[3.054s] -- Installing: /home/gary/first_ws/src/my_robot_bringup/install/my_robot_bringup/share/my_robot_bringup/local_setup.bash
[3.054s] -- Installing: /home/gary/first_ws/src/my_robot_bringup/install/my_robot_bringup/share/my_robot_bringup/local_setup.sh
[3.054s] -- Installing: /home/gary/first_ws/src/my_robot_bringup/install/my_robot_bringup/share/my_robot_bringup/local_setup.zsh
[3.054s] -- Installing: /home/gary/first_ws/src/my_robot_bringup/install/my_robot_bringup/share/my_robot_bringup/local_setup.dsv
[3.055s] -- Installing: /home/gary/first_ws/src/my_robot_bringup/install/my_robot_bringup/share/my_robot_bringup/package.dsv
[3.055s] -- Installing: /home/gary/first_ws/src/my_robot_bringup/install/my_robot_bringup/share/ament_index/resource_index/packages/my_robot_bringup
[3.055s] -- Installing: /home/gary/first_ws/src/my_robot_bringup/install/my_robot_bringup/share/my_robot_bringup/cmake/my_robot_bringupConfig.cmake
[3.056s] -- Installing: /home/gary/first_ws/src/my_robot_bringup/install/my_robot_bringup/share/my_robot_bringup/cmake/my_robot_bringupConfig-version.cmake
[3.056s] -- Installing: /home/gary/first_ws/src/my_robot_bringup/install/my_robot_bringup/share/my_robot_bringup/package.xml
[3.058s] Invoked command in '/home/gary/first_ws/src/my_robot_bringup/build/my_robot_bringup' returned '0': CMAKE_PREFIX_PATH=${CMAKE_PREFIX_PATH}:/home/gary/first_ws/install/my_py_pkg:/opt/ros/humble /usr/bin/cmake --install /home/gary/first_ws/src/my_robot_bringup/build/my_robot_bringup
