[0.074s] Invoking command in '/home/gary/first_ws/build/my_robot_interfaces': CMAKE_PREFIX_PATH=${CMAKE_PREFIX_PATH}:/home/gary/first_ws/install/my_py_pkg:/opt/ros/humble /usr/bin/cmake --build /home/gary/first_ws/build/my_robot_interfaces -- -j8 -l8
[0.107s] -- Found ament_cmake: 1.3.7 (/opt/ros/humble/share/ament_cmake/cmake)
[0.255s] -- Override CMake install command with custom implementation using symlinks instead of copying resources
[0.262s] -- Found rosidl_default_generators: 1.2.0 (/opt/ros/humble/share/rosidl_default_generators/cmake)
[0.264s] -- Using all available rosidl_typesupport_c: rosidl_typesupport_fastrtps_c;rosidl_typesupport_introspection_c
[0.267s] -- Found rosidl_adapter: 3.1.5 (/opt/ros/humble/share/rosidl_adapter/cmake)
[0.511s] -- Using all available rosidl_typesupport_cpp: rosidl_typesupport_fastrtps_cpp;rosidl_typesupport_introspection_cpp
[0.822s] -- Found ament_cmake_ros: 0.10.0 (/opt/ros/humble/share/ament_cmake_ros/cmake)
[1.013s] -- Using all available rosidl_typesupport_c: rosidl_typesupport_fastrtps_c;rosidl_typesupport_introspection_c
[1.270s] -- Using all available rosidl_typesupport_cpp: rosidl_typesupport_fastrtps_cpp;rosidl_typesupport_introspection_cpp
[1.292s] -- Found python_cmake_module: 0.10.0 (/opt/ros/humble/share/python_cmake_module/cmake)
[1.320s] -- Using PYTHON_EXECUTABLE: /usr/bin/python3
[1.320s] -- Using PYTHON_INCLUDE_DIRS: /usr/include/python3.10
[1.320s] -- Using PYTHON_LIBRARIES: /usr/lib/x86_64-linux-gnu/libpython3.10.so
[1.351s] -- Configuring done
[1.395s] -- Generating done
[1.400s] -- Build files have been written to: /home/gary/first_ws/build/my_robot_interfaces
[1.426s] [  2%] [34m[1mGenerating C code for ROS interfaces[0m
[1.437s] [  4%] [34m[1mGenerating C++ code for ROS interfaces[0m
[1.444s] [  4%] Built target ament_cmake_python_symlink_my_robot_interfaces
[1.786s] running egg_info
[1.787s] writing my_robot_interfaces.egg-info/PKG-INFO
[1.787s] writing dependency_links to my_robot_interfaces.egg-info/dependency_links.txt
[1.787s] writing top-level names to my_robot_interfaces.egg-info/top_level.txt
[1.790s] reading manifest file 'my_robot_interfaces.egg-info/SOURCES.txt'
[1.791s] writing manifest file 'my_robot_interfaces.egg-info/SOURCES.txt'
[1.827s] [  4%] Built target ament_cmake_python_build_my_robot_interfaces_egg
[2.000s] [  4%] Built target my_robot_interfaces__cpp
[2.012s] [  6%] [34m[1mGenerating C++ type support dispatch for ROS interfaces[0m
[2.013s] [  8%] [34m[1mGenerating C++ introspection for ROS interfaces[0m
[2.014s] [ 10%] [34m[1mGenerating C++ type support for eProsima Fast-RTPS[0m
[2.018s] [35m[1mConsolidate compiler generated dependencies of target my_robot_interfaces__rosidl_generator_c[0m
[2.034s] [ 14%] [32mBuilding C object CMakeFiles/my_robot_interfaces__rosidl_generator_c.dir/rosidl_generator_c/my_robot_interfaces/srv/detail/set_led__functions.c.o[0m
[2.034s] [ 14%] [32mBuilding C object CMakeFiles/my_robot_interfaces__rosidl_generator_c.dir/rosidl_generator_c/my_robot_interfaces/msg/detail/hardware_status__functions.c.o[0m
[2.034s] [ 17%] [32mBuilding C object CMakeFiles/my_robot_interfaces__rosidl_generator_c.dir/rosidl_generator_c/my_robot_interfaces/srv/detail/compute_rectangle_area__functions.c.o[0m
[2.124s] [ 19%] [32m[1mLinking C shared library libmy_robot_interfaces__rosidl_generator_c.so[0m
[2.420s] [ 19%] Built target my_robot_interfaces__rosidl_generator_c
[2.476s] [ 21%] [34m[1mGenerating C type support for eProsima Fast-RTPS[0m
[2.476s] [ 23%] [34m[1mGenerating C type support dispatch for ROS interfaces[0m
[2.498s] [ 25%] [34m[1mGenerating C introspection for ROS interfaces[0m
[2.624s] [35m[1mConsolidate compiler generated dependencies of target my_robot_interfaces__rosidl_typesupport_cpp[0m
[2.673s] [ 27%] [32mBuilding CXX object CMakeFiles/my_robot_interfaces__rosidl_typesupport_cpp.dir/rosidl_typesupport_cpp/my_robot_interfaces/srv/set_led__type_support.cpp.o[0m
[2.695s] [ 31%] [32mBuilding CXX object CMakeFiles/my_robot_interfaces__rosidl_typesupport_cpp.dir/rosidl_typesupport_cpp/my_robot_interfaces/srv/compute_rectangle_area__type_support.cpp.o[0m
[2.695s] [ 31%] [32mBuilding CXX object CMakeFiles/my_robot_interfaces__rosidl_typesupport_cpp.dir/rosidl_typesupport_cpp/my_robot_interfaces/msg/hardware_status__type_support.cpp.o[0m
[2.874s] [35m[1mConsolidate compiler generated dependencies of target my_robot_interfaces__rosidl_typesupport_introspection_cpp[0m
[2.930s] [35m[1mConsolidate compiler generated dependencies of target my_robot_interfaces__rosidl_typesupport_fastrtps_cpp[0m
[2.947s] [ 34%] [32mBuilding CXX object CMakeFiles/my_robot_interfaces__rosidl_typesupport_introspection_cpp.dir/rosidl_typesupport_introspection_cpp/my_robot_interfaces/msg/detail/hardware_status__type_support.cpp.o[0m
[2.969s] [ 36%] [32mBuilding CXX object CMakeFiles/my_robot_interfaces__rosidl_typesupport_fastrtps_cpp.dir/rosidl_typesupport_fastrtps_cpp/my_robot_interfaces/msg/detail/dds_fastrtps/hardware_status__type_support.cpp.o[0m
[3.326s] [35m[1mConsolidate compiler generated dependencies of target my_robot_interfaces__rosidl_typesupport_c[0m
[3.387s] [ 38%] [32mBuilding CXX object CMakeFiles/my_robot_interfaces__rosidl_typesupport_fastrtps_cpp.dir/rosidl_typesupport_fastrtps_cpp/my_robot_interfaces/srv/detail/dds_fastrtps/compute_rectangle_area__type_support.cpp.o[0m
[3.426s] [ 40%] [32mBuilding CXX object CMakeFiles/my_robot_interfaces__rosidl_typesupport_c.dir/rosidl_typesupport_c/my_robot_interfaces/msg/hardware_status__type_support.cpp.o[0m
[3.464s] [ 42%] [32mBuilding CXX object CMakeFiles/my_robot_interfaces__rosidl_typesupport_fastrtps_cpp.dir/rosidl_typesupport_fastrtps_cpp/my_robot_interfaces/srv/detail/dds_fastrtps/set_led__type_support.cpp.o[0m
[3.496s] [ 44%] [32m[1mLinking CXX shared library libmy_robot_interfaces__rosidl_typesupport_cpp.so[0m
[3.545s] [ 46%] [32mBuilding CXX object CMakeFiles/my_robot_interfaces__rosidl_typesupport_c.dir/rosidl_typesupport_c/my_robot_interfaces/srv/compute_rectangle_area__type_support.cpp.o[0m
[3.670s] [ 48%] [32mBuilding CXX object CMakeFiles/my_robot_interfaces__rosidl_typesupport_c.dir/rosidl_typesupport_c/my_robot_interfaces/srv/set_led__type_support.cpp.o[0m
[3.776s] [35m[1mConsolidate compiler generated dependencies of target my_robot_interfaces__rosidl_typesupport_introspection_c[0m
[3.805s] [ 51%] [32m[1mLinking CXX shared library libmy_robot_interfaces__rosidl_typesupport_c.so[0m
[3.842s] [ 51%] Built target my_robot_interfaces__rosidl_typesupport_cpp
[3.867s] [35m[1mConsolidate compiler generated dependencies of target my_robot_interfaces__rosidl_typesupport_fastrtps_c[0m
[3.875s] [ 53%] [32mBuilding C object CMakeFiles/my_robot_interfaces__rosidl_typesupport_introspection_c.dir/rosidl_typesupport_introspection_c/my_robot_interfaces/msg/detail/hardware_status__type_support.c.o[0m
[3.889s] [ 55%] [32mBuilding C object CMakeFiles/my_robot_interfaces__rosidl_typesupport_introspection_c.dir/rosidl_typesupport_introspection_c/my_robot_interfaces/srv/detail/compute_rectangle_area__type_support.c.o[0m
[3.907s] [ 57%] [32mBuilding CXX object CMakeFiles/my_robot_interfaces__rosidl_typesupport_introspection_cpp.dir/rosidl_typesupport_introspection_cpp/my_robot_interfaces/srv/detail/compute_rectangle_area__type_support.cpp.o[0m
[3.933s] [ 59%] [32mBuilding CXX object CMakeFiles/my_robot_interfaces__rosidl_typesupport_introspection_cpp.dir/rosidl_typesupport_introspection_cpp/my_robot_interfaces/srv/detail/set_led__type_support.cpp.o[0m
[3.933s] [ 61%] [32mBuilding CXX object CMakeFiles/my_robot_interfaces__rosidl_typesupport_fastrtps_c.dir/rosidl_typesupport_fastrtps_c/my_robot_interfaces/msg/detail/hardware_status__type_support_c.cpp.o[0m
[4.037s] [ 63%] [32mBuilding C object CMakeFiles/my_robot_interfaces__rosidl_typesupport_introspection_c.dir/rosidl_typesupport_introspection_c/my_robot_interfaces/srv/detail/set_led__type_support.c.o[0m
[4.059s] [ 65%] [32mBuilding CXX object CMakeFiles/my_robot_interfaces__rosidl_typesupport_fastrtps_c.dir/rosidl_typesupport_fastrtps_c/my_robot_interfaces/srv/detail/compute_rectangle_area__type_support_c.cpp.o[0m
[4.221s] [ 65%] Built target my_robot_interfaces__rosidl_typesupport_c
[4.225s] [ 68%] [32m[1mLinking C shared library libmy_robot_interfaces__rosidl_typesupport_introspection_c.so[0m
[4.258s] [ 70%] [32mBuilding CXX object CMakeFiles/my_robot_interfaces__rosidl_typesupport_fastrtps_c.dir/rosidl_typesupport_fastrtps_c/my_robot_interfaces/srv/detail/set_led__type_support_c.cpp.o[0m
[4.513s] [ 72%] [32m[1mLinking CXX shared library libmy_robot_interfaces__rosidl_typesupport_fastrtps_cpp.so[0m
[4.622s] [ 72%] Built target my_robot_interfaces__rosidl_typesupport_introspection_c
[4.971s] [ 72%] Built target my_robot_interfaces__rosidl_typesupport_fastrtps_cpp
[4.998s] [ 74%] [32m[1mLinking CXX shared library libmy_robot_interfaces__rosidl_typesupport_introspection_cpp.so[0m
[5.203s] [ 76%] [32m[1mLinking CXX shared library libmy_robot_interfaces__rosidl_typesupport_fastrtps_c.so[0m
[5.297s] [ 76%] Built target my_robot_interfaces__rosidl_typesupport_introspection_cpp
[5.438s] [ 76%] Built target my_robot_interfaces__rosidl_typesupport_fastrtps_c
[5.458s] [ 76%] Built target my_robot_interfaces
[5.476s] [ 78%] [34m[1mGenerating Python code for ROS interfaces[0m
[6.187s] [ 78%] Built target my_robot_interfaces__py
[6.198s] [35m[1mConsolidate compiler generated dependencies of target my_robot_interfaces__rosidl_generator_py[0m
[6.217s] [ 85%] [32mBuilding C object CMakeFiles/my_robot_interfaces__rosidl_generator_py.dir/rosidl_generator_py/my_robot_interfaces/srv/_set_led_s.c.o[0m
[6.217s] [ 85%] [32mBuilding C object CMakeFiles/my_robot_interfaces__rosidl_generator_py.dir/rosidl_generator_py/my_robot_interfaces/msg/_hardware_status_s.c.o[0m
[6.217s] [ 85%] [32mBuilding C object CMakeFiles/my_robot_interfaces__rosidl_generator_py.dir/rosidl_generator_py/my_robot_interfaces/srv/_compute_rectangle_area_s.c.o[0m
[6.342s] [ 87%] [32m[1mLinking C shared library rosidl_generator_py/my_robot_interfaces/libmy_robot_interfaces__rosidl_generator_py.so[0m
[6.514s] [ 87%] Built target my_robot_interfaces__rosidl_generator_py
[6.525s] [35m[1mConsolidate compiler generated dependencies of target my_robot_interfaces__rosidl_typesupport_introspection_c__pyext[0m
[6.525s] [35m[1mConsolidate compiler generated dependencies of target my_robot_interfaces__rosidl_typesupport_c__pyext[0m
[6.527s] [35m[1mConsolidate compiler generated dependencies of target my_robot_interfaces__rosidl_typesupport_fastrtps_c__pyext[0m
[6.540s] [ 89%] [32mBuilding C object CMakeFiles/my_robot_interfaces__rosidl_typesupport_introspection_c__pyext.dir/rosidl_generator_py/my_robot_interfaces/_my_robot_interfaces_s.ep.rosidl_typesupport_introspection_c.c.o[0m
[6.542s] [ 91%] [32mBuilding C object CMakeFiles/my_robot_interfaces__rosidl_typesupport_c__pyext.dir/rosidl_generator_py/my_robot_interfaces/_my_robot_interfaces_s.ep.rosidl_typesupport_c.c.o[0m
[6.543s] [ 93%] [32mBuilding C object CMakeFiles/my_robot_interfaces__rosidl_typesupport_fastrtps_c__pyext.dir/rosidl_generator_py/my_robot_interfaces/_my_robot_interfaces_s.ep.rosidl_typesupport_fastrtps_c.c.o[0m
[6.684s] [ 95%] [32m[1mLinking C shared library rosidl_generator_py/my_robot_interfaces/my_robot_interfaces_s__rosidl_typesupport_introspection_c.cpython-310-x86_64-linux-gnu.so[0m
[6.695s] [ 97%] [32m[1mLinking C shared library rosidl_generator_py/my_robot_interfaces/my_robot_interfaces_s__rosidl_typesupport_fastrtps_c.cpython-310-x86_64-linux-gnu.so[0m
[6.706s] [100%] [32m[1mLinking C shared library rosidl_generator_py/my_robot_interfaces/my_robot_interfaces_s__rosidl_typesupport_c.cpython-310-x86_64-linux-gnu.so[0m
[6.881s] [100%] Built target my_robot_interfaces__rosidl_typesupport_introspection_c__pyext
[6.889s] [100%] Built target my_robot_interfaces__rosidl_typesupport_fastrtps_c__pyext
[6.898s] [100%] Built target my_robot_interfaces__rosidl_typesupport_c__pyext
[6.913s] Invoked command in '/home/gary/first_ws/build/my_robot_interfaces' returned '0': CMAKE_PREFIX_PATH=${CMAKE_PREFIX_PATH}:/home/gary/first_ws/install/my_py_pkg:/opt/ros/humble /usr/bin/cmake --build /home/gary/first_ws/build/my_robot_interfaces -- -j8 -l8
[7.035s] Invoking command in '/home/gary/first_ws/build/my_robot_interfaces': CMAKE_PREFIX_PATH=${CMAKE_PREFIX_PATH}:/home/gary/first_ws/install/my_py_pkg:/opt/ros/humble /usr/bin/cmake --install /home/gary/first_ws/build/my_robot_interfaces
[7.041s] -- Install configuration: ""
[7.042s] -- Execute custom install script
[7.042s] -- Up-to-date symlink: /home/gary/first_ws/install/my_robot_interfaces/share/ament_index/resource_index/rosidl_interfaces/my_robot_interfaces
[7.043s] -- Up-to-date symlink: /home/gary/first_ws/install/my_robot_interfaces/include/my_robot_interfaces/my_robot_interfaces/msg/detail/hardware_status__functions.h
[7.043s] -- Up-to-date symlink: /home/gary/first_ws/install/my_robot_interfaces/include/my_robot_interfaces/my_robot_interfaces/msg/detail/hardware_status__struct.h
[7.044s] -- Up-to-date symlink: /home/gary/first_ws/install/my_robot_interfaces/include/my_robot_interfaces/my_robot_interfaces/msg/detail/hardware_status__type_support.h
[7.044s] -- Up-to-date symlink: /home/gary/first_ws/install/my_robot_interfaces/include/my_robot_interfaces/my_robot_interfaces/msg/hardware_status.h
[7.044s] -- Up-to-date symlink: /home/gary/first_ws/install/my_robot_interfaces/include/my_robot_interfaces/my_robot_interfaces/msg/rosidl_generator_c__visibility_control.h
[7.045s] -- Up-to-date symlink: /home/gary/first_ws/install/my_robot_interfaces/include/my_robot_interfaces/my_robot_interfaces/srv/compute_rectangle_area.h
[7.045s] -- Up-to-date symlink: /home/gary/first_ws/install/my_robot_interfaces/include/my_robot_interfaces/my_robot_interfaces/srv/detail/compute_rectangle_area__functions.h
[7.045s] -- Up-to-date symlink: /home/gary/first_ws/install/my_robot_interfaces/include/my_robot_interfaces/my_robot_interfaces/srv/detail/compute_rectangle_area__struct.h
[7.045s] -- Up-to-date symlink: /home/gary/first_ws/install/my_robot_interfaces/include/my_robot_interfaces/my_robot_interfaces/srv/detail/compute_rectangle_area__type_support.h
[7.046s] -- Up-to-date symlink: /home/gary/first_ws/install/my_robot_interfaces/include/my_robot_interfaces/my_robot_interfaces/srv/detail/set_led__functions.h
[7.046s] -- Up-to-date symlink: /home/gary/first_ws/install/my_robot_interfaces/include/my_robot_interfaces/my_robot_interfaces/srv/detail/set_led__struct.h
[7.046s] -- Up-to-date symlink: /home/gary/first_ws/install/my_robot_interfaces/include/my_robot_interfaces/my_robot_interfaces/srv/detail/set_led__type_support.h
[7.047s] -- Up-to-date symlink: /home/gary/first_ws/install/my_robot_interfaces/include/my_robot_interfaces/my_robot_interfaces/srv/set_led.h
[7.047s] -- Up-to-date symlink: /home/gary/first_ws/install/my_robot_interfaces/share/my_robot_interfaces/environment/library_path.sh
[7.047s] -- Up-to-date symlink: /home/gary/first_ws/install/my_robot_interfaces/share/my_robot_interfaces/environment/library_path.dsv
[7.048s] -- Up-to-date symlink: /home/gary/first_ws/install/my_robot_interfaces/include/my_robot_interfaces/my_robot_interfaces/msg/detail/hardware_status__rosidl_typesupport_fastrtps_c.h
[7.048s] -- Up-to-date symlink: /home/gary/first_ws/install/my_robot_interfaces/include/my_robot_interfaces/my_robot_interfaces/msg/rosidl_typesupport_fastrtps_c__visibility_control.h
[7.049s] -- Up-to-date symlink: /home/gary/first_ws/install/my_robot_interfaces/include/my_robot_interfaces/my_robot_interfaces/srv/detail/compute_rectangle_area__rosidl_typesupport_fastrtps_c.h
[7.049s] -- Up-to-date symlink: /home/gary/first_ws/install/my_robot_interfaces/include/my_robot_interfaces/my_robot_interfaces/srv/detail/set_led__rosidl_typesupport_fastrtps_c.h
[7.049s] -- Up-to-date symlink: /home/gary/first_ws/install/my_robot_interfaces/include/my_robot_interfaces/my_robot_interfaces/msg/detail/hardware_status__rosidl_typesupport_introspection_c.h
[7.049s] -- Up-to-date symlink: /home/gary/first_ws/install/my_robot_interfaces/include/my_robot_interfaces/my_robot_interfaces/msg/rosidl_typesupport_introspection_c__visibility_control.h
[7.050s] -- Up-to-date symlink: /home/gary/first_ws/install/my_robot_interfaces/include/my_robot_interfaces/my_robot_interfaces/srv/detail/compute_rectangle_area__rosidl_typesupport_introspection_c.h
[7.050s] -- Up-to-date symlink: /home/gary/first_ws/install/my_robot_interfaces/include/my_robot_interfaces/my_robot_interfaces/srv/detail/set_led__rosidl_typesupport_introspection_c.h
[7.051s] -- Up-to-date symlink: /home/gary/first_ws/install/my_robot_interfaces/include/my_robot_interfaces/my_robot_interfaces/msg/detail/hardware_status__builder.hpp
[7.051s] -- Up-to-date symlink: /home/gary/first_ws/install/my_robot_interfaces/include/my_robot_interfaces/my_robot_interfaces/msg/detail/hardware_status__struct.hpp
[7.051s] -- Up-to-date symlink: /home/gary/first_ws/install/my_robot_interfaces/include/my_robot_interfaces/my_robot_interfaces/msg/detail/hardware_status__traits.hpp
[7.051s] -- Up-to-date symlink: /home/gary/first_ws/install/my_robot_interfaces/include/my_robot_interfaces/my_robot_interfaces/msg/hardware_status.hpp
[7.051s] -- Up-to-date symlink: /home/gary/first_ws/install/my_robot_interfaces/include/my_robot_interfaces/my_robot_interfaces/srv/compute_rectangle_area.hpp
[7.052s] -- Up-to-date symlink: /home/gary/first_ws/install/my_robot_interfaces/include/my_robot_interfaces/my_robot_interfaces/srv/detail/compute_rectangle_area__builder.hpp
[7.052s] -- Up-to-date symlink: /home/gary/first_ws/install/my_robot_interfaces/include/my_robot_interfaces/my_robot_interfaces/srv/detail/compute_rectangle_area__struct.hpp
[7.052s] -- Up-to-date symlink: /home/gary/first_ws/install/my_robot_interfaces/include/my_robot_interfaces/my_robot_interfaces/srv/detail/compute_rectangle_area__traits.hpp
[7.052s] -- Up-to-date symlink: /home/gary/first_ws/install/my_robot_interfaces/include/my_robot_interfaces/my_robot_interfaces/srv/detail/set_led__builder.hpp
[7.053s] -- Up-to-date symlink: /home/gary/first_ws/install/my_robot_interfaces/include/my_robot_interfaces/my_robot_interfaces/srv/detail/set_led__struct.hpp
[7.053s] -- Up-to-date symlink: /home/gary/first_ws/install/my_robot_interfaces/include/my_robot_interfaces/my_robot_interfaces/srv/detail/set_led__traits.hpp
[7.053s] -- Up-to-date symlink: /home/gary/first_ws/install/my_robot_interfaces/include/my_robot_interfaces/my_robot_interfaces/srv/set_led.hpp
[7.053s] -- Up-to-date symlink: /home/gary/first_ws/install/my_robot_interfaces/include/my_robot_interfaces/my_robot_interfaces/msg/detail/hardware_status__rosidl_typesupport_fastrtps_cpp.hpp
[7.053s] -- Up-to-date symlink: /home/gary/first_ws/install/my_robot_interfaces/include/my_robot_interfaces/my_robot_interfaces/msg/rosidl_typesupport_fastrtps_cpp__visibility_control.h
[7.054s] -- Up-to-date symlink: /home/gary/first_ws/install/my_robot_interfaces/include/my_robot_interfaces/my_robot_interfaces/srv/detail/compute_rectangle_area__rosidl_typesupport_fastrtps_cpp.hpp
[7.054s] -- Up-to-date symlink: /home/gary/first_ws/install/my_robot_interfaces/include/my_robot_interfaces/my_robot_interfaces/srv/detail/set_led__rosidl_typesupport_fastrtps_cpp.hpp
[7.054s] -- Up-to-date symlink: /home/gary/first_ws/install/my_robot_interfaces/include/my_robot_interfaces/my_robot_interfaces/msg/detail/hardware_status__rosidl_typesupport_introspection_cpp.hpp
[7.055s] -- Up-to-date symlink: /home/gary/first_ws/install/my_robot_interfaces/include/my_robot_interfaces/my_robot_interfaces/srv/detail/compute_rectangle_area__rosidl_typesupport_introspection_cpp.hpp
[7.055s] -- Up-to-date symlink: /home/gary/first_ws/install/my_robot_interfaces/include/my_robot_interfaces/my_robot_interfaces/srv/detail/set_led__rosidl_typesupport_introspection_cpp.hpp
[7.055s] -- Up-to-date symlink: /home/gary/first_ws/install/my_robot_interfaces/share/my_robot_interfaces/environment/pythonpath.sh
[7.055s] -- Up-to-date symlink: /home/gary/first_ws/install/my_robot_interfaces/share/my_robot_interfaces/environment/pythonpath.dsv
[7.055s] -- Up-to-date symlink: /home/gary/first_ws/install/my_robot_interfaces/local/lib/python3.10/dist-packages/my_robot_interfaces-0.0.0-py3.10.egg-info/PKG-INFO
[7.056s] -- Up-to-date symlink: /home/gary/first_ws/install/my_robot_interfaces/local/lib/python3.10/dist-packages/my_robot_interfaces-0.0.0-py3.10.egg-info/SOURCES.txt
[7.056s] -- Up-to-date symlink: /home/gary/first_ws/install/my_robot_interfaces/local/lib/python3.10/dist-packages/my_robot_interfaces-0.0.0-py3.10.egg-info/dependency_links.txt
[7.056s] -- Up-to-date symlink: /home/gary/first_ws/install/my_robot_interfaces/local/lib/python3.10/dist-packages/my_robot_interfaces-0.0.0-py3.10.egg-info/top_level.txt
[7.057s] -- Up-to-date symlink: /home/gary/first_ws/install/my_robot_interfaces/local/lib/python3.10/dist-packages/my_robot_interfaces/__init__.py
[7.058s] -- Up-to-date symlink: /home/gary/first_ws/install/my_robot_interfaces/local/lib/python3.10/dist-packages/my_robot_interfaces/_my_robot_interfaces_s.ep.rosidl_typesupport_c.c
[7.058s] -- Up-to-date symlink: /home/gary/first_ws/install/my_robot_interfaces/local/lib/python3.10/dist-packages/my_robot_interfaces/_my_robot_interfaces_s.ep.rosidl_typesupport_fastrtps_c.c
[7.059s] -- Up-to-date symlink: /home/gary/first_ws/install/my_robot_interfaces/local/lib/python3.10/dist-packages/my_robot_interfaces/_my_robot_interfaces_s.ep.rosidl_typesupport_introspection_c.c
[7.059s] -- Up-to-date symlink: /home/gary/first_ws/install/my_robot_interfaces/local/lib/python3.10/dist-packages/my_robot_interfaces/libmy_robot_interfaces__rosidl_generator_py.so
[7.059s] -- Up-to-date symlink: /home/gary/first_ws/install/my_robot_interfaces/local/lib/python3.10/dist-packages/my_robot_interfaces/msg/__init__.py
[7.060s] -- Up-to-date symlink: /home/gary/first_ws/install/my_robot_interfaces/local/lib/python3.10/dist-packages/my_robot_interfaces/msg/_hardware_status.py
[7.060s] -- Up-to-date symlink: /home/gary/first_ws/install/my_robot_interfaces/local/lib/python3.10/dist-packages/my_robot_interfaces/msg/_hardware_status_s.c
[7.060s] -- Up-to-date symlink: /home/gary/first_ws/install/my_robot_interfaces/local/lib/python3.10/dist-packages/my_robot_interfaces/my_robot_interfaces_s__rosidl_typesupport_c.cpython-310-x86_64-linux-gnu.so
[7.061s] -- Up-to-date symlink: /home/gary/first_ws/install/my_robot_interfaces/local/lib/python3.10/dist-packages/my_robot_interfaces/my_robot_interfaces_s__rosidl_typesupport_fastrtps_c.cpython-310-x86_64-linux-gnu.so
[7.061s] -- Up-to-date symlink: /home/gary/first_ws/install/my_robot_interfaces/local/lib/python3.10/dist-packages/my_robot_interfaces/my_robot_interfaces_s__rosidl_typesupport_introspection_c.cpython-310-x86_64-linux-gnu.so
[7.061s] -- Up-to-date symlink: /home/gary/first_ws/install/my_robot_interfaces/local/lib/python3.10/dist-packages/my_robot_interfaces/srv/__init__.py
[7.061s] -- Up-to-date symlink: /home/gary/first_ws/install/my_robot_interfaces/local/lib/python3.10/dist-packages/my_robot_interfaces/srv/_compute_rectangle_area.py
[7.062s] -- Up-to-date symlink: /home/gary/first_ws/install/my_robot_interfaces/local/lib/python3.10/dist-packages/my_robot_interfaces/srv/_compute_rectangle_area_s.c
[7.062s] -- Up-to-date symlink: /home/gary/first_ws/install/my_robot_interfaces/local/lib/python3.10/dist-packages/my_robot_interfaces/srv/_set_led.py
[7.062s] -- Up-to-date symlink: /home/gary/first_ws/install/my_robot_interfaces/local/lib/python3.10/dist-packages/my_robot_interfaces/srv/_set_led_s.c
[7.062s] -- Up-to-date symlink: /home/gary/first_ws/install/my_robot_interfaces/local/lib/python3.10/dist-packages/my_robot_interfaces/my_robot_interfaces_s__rosidl_typesupport_fastrtps_c.cpython-310-x86_64-linux-gnu.so
[7.063s] -- Up-to-date symlink: /home/gary/first_ws/install/my_robot_interfaces/local/lib/python3.10/dist-packages/my_robot_interfaces/my_robot_interfaces_s__rosidl_typesupport_introspection_c.cpython-310-x86_64-linux-gnu.so
[7.064s] -- Up-to-date symlink: /home/gary/first_ws/install/my_robot_interfaces/local/lib/python3.10/dist-packages/my_robot_interfaces/my_robot_interfaces_s__rosidl_typesupport_c.cpython-310-x86_64-linux-gnu.so
[7.064s] -- Up-to-date symlink: /home/gary/first_ws/install/my_robot_interfaces/share/my_robot_interfaces/msg/HardwareStatus.idl
[7.064s] -- Up-to-date symlink: /home/gary/first_ws/install/my_robot_interfaces/share/my_robot_interfaces/srv/ComputeRectangleArea.idl
[7.065s] -- Up-to-date symlink: /home/gary/first_ws/install/my_robot_interfaces/share/my_robot_interfaces/srv/SetLED.idl
[7.065s] -- Up-to-date symlink: /home/gary/first_ws/install/my_robot_interfaces/share/my_robot_interfaces/msg/HardwareStatus.msg
[7.065s] -- Up-to-date symlink: /home/gary/first_ws/install/my_robot_interfaces/share/my_robot_interfaces/srv/ComputeRectangleArea.srv
[7.066s] -- Up-to-date symlink: /home/gary/first_ws/install/my_robot_interfaces/share/my_robot_interfaces/srv/ComputeRectangleArea_Request.msg
[7.066s] -- Up-to-date symlink: /home/gary/first_ws/install/my_robot_interfaces/share/my_robot_interfaces/srv/ComputeRectangleArea_Response.msg
[7.067s] -- Up-to-date symlink: /home/gary/first_ws/install/my_robot_interfaces/share/my_robot_interfaces/srv/SetLED.srv
[7.067s] -- Up-to-date symlink: /home/gary/first_ws/install/my_robot_interfaces/share/my_robot_interfaces/srv/SetLED_Request.msg
[7.067s] -- Up-to-date symlink: /home/gary/first_ws/install/my_robot_interfaces/share/my_robot_interfaces/srv/SetLED_Response.msg
[7.067s] -- Up-to-date symlink: /home/gary/first_ws/install/my_robot_interfaces/share/ament_index/resource_index/package_run_dependencies/my_robot_interfaces
[7.068s] -- Up-to-date symlink: /home/gary/first_ws/install/my_robot_interfaces/share/ament_index/resource_index/parent_prefix_path/my_robot_interfaces
[7.068s] -- Up-to-date symlink: /home/gary/first_ws/install/my_robot_interfaces/share/my_robot_interfaces/environment/ament_prefix_path.sh
[7.068s] -- Up-to-date symlink: /home/gary/first_ws/install/my_robot_interfaces/share/my_robot_interfaces/environment/ament_prefix_path.dsv
[7.068s] -- Up-to-date symlink: /home/gary/first_ws/install/my_robot_interfaces/share/my_robot_interfaces/environment/path.sh
[7.068s] -- Up-to-date symlink: /home/gary/first_ws/install/my_robot_interfaces/share/my_robot_interfaces/environment/path.dsv
[7.069s] -- Up-to-date symlink: /home/gary/first_ws/install/my_robot_interfaces/share/my_robot_interfaces/local_setup.bash
[7.069s] -- Up-to-date symlink: /home/gary/first_ws/install/my_robot_interfaces/share/my_robot_interfaces/local_setup.sh
[7.069s] -- Up-to-date symlink: /home/gary/first_ws/install/my_robot_interfaces/share/my_robot_interfaces/local_setup.zsh
[7.069s] -- Up-to-date symlink: /home/gary/first_ws/install/my_robot_interfaces/share/my_robot_interfaces/local_setup.dsv
[7.069s] -- Symlinking: /home/gary/first_ws/install/my_robot_interfaces/share/my_robot_interfaces/package.dsv
[7.078s] -- Up-to-date symlink: /home/gary/first_ws/install/my_robot_interfaces/share/ament_index/resource_index/packages/my_robot_interfaces
[7.078s] -- Up-to-date symlink: /home/gary/first_ws/install/my_robot_interfaces/share/my_robot_interfaces/cmake/rosidl_cmake-extras.cmake
[7.078s] -- Up-to-date symlink: /home/gary/first_ws/install/my_robot_interfaces/share/my_robot_interfaces/cmake/ament_cmake_export_include_directories-extras.cmake
[7.079s] -- Up-to-date symlink: /home/gary/first_ws/install/my_robot_interfaces/share/my_robot_interfaces/cmake/ament_cmake_export_libraries-extras.cmake
[7.079s] -- Up-to-date symlink: /home/gary/first_ws/install/my_robot_interfaces/share/my_robot_interfaces/cmake/ament_cmake_export_targets-extras.cmake
[7.079s] -- Up-to-date symlink: /home/gary/first_ws/install/my_robot_interfaces/share/my_robot_interfaces/cmake/rosidl_cmake_export_typesupport_targets-extras.cmake
[7.079s] -- Up-to-date symlink: /home/gary/first_ws/install/my_robot_interfaces/share/my_robot_interfaces/cmake/ament_cmake_export_dependencies-extras.cmake
[7.080s] -- Up-to-date symlink: /home/gary/first_ws/install/my_robot_interfaces/share/my_robot_interfaces/cmake/rosidl_cmake_export_typesupport_libraries-extras.cmake
[7.080s] -- Up-to-date symlink: /home/gary/first_ws/install/my_robot_interfaces/share/my_robot_interfaces/cmake/my_robot_interfacesConfig.cmake
[7.080s] -- Up-to-date symlink: /home/gary/first_ws/install/my_robot_interfaces/share/my_robot_interfaces/cmake/my_robot_interfacesConfig-version.cmake
[7.080s] -- Up-to-date symlink: /home/gary/first_ws/install/my_robot_interfaces/share/my_robot_interfaces/package.xml
[7.080s] -- Installing: /home/gary/first_ws/install/my_robot_interfaces/lib/libmy_robot_interfaces__rosidl_generator_c.so
[7.080s] -- Set runtime path of "/home/gary/first_ws/install/my_robot_interfaces/lib/libmy_robot_interfaces__rosidl_generator_c.so" to ""
[7.081s] -- Installing: /home/gary/first_ws/install/my_robot_interfaces/lib/libmy_robot_interfaces__rosidl_typesupport_fastrtps_c.so
[7.081s] -- Set runtime path of "/home/gary/first_ws/install/my_robot_interfaces/lib/libmy_robot_interfaces__rosidl_typesupport_fastrtps_c.so" to ""
[7.081s] -- Installing: /home/gary/first_ws/install/my_robot_interfaces/lib/libmy_robot_interfaces__rosidl_typesupport_introspection_c.so
[7.082s] -- Set runtime path of "/home/gary/first_ws/install/my_robot_interfaces/lib/libmy_robot_interfaces__rosidl_typesupport_introspection_c.so" to ""
[7.082s] -- Installing: /home/gary/first_ws/install/my_robot_interfaces/lib/libmy_robot_interfaces__rosidl_typesupport_c.so
[7.082s] -- Set runtime path of "/home/gary/first_ws/install/my_robot_interfaces/lib/libmy_robot_interfaces__rosidl_typesupport_c.so" to ""
[7.083s] -- Installing: /home/gary/first_ws/install/my_robot_interfaces/lib/libmy_robot_interfaces__rosidl_typesupport_fastrtps_cpp.so
[7.083s] -- Set runtime path of "/home/gary/first_ws/install/my_robot_interfaces/lib/libmy_robot_interfaces__rosidl_typesupport_fastrtps_cpp.so" to ""
[7.083s] -- Installing: /home/gary/first_ws/install/my_robot_interfaces/lib/libmy_robot_interfaces__rosidl_typesupport_introspection_cpp.so
[7.084s] -- Set runtime path of "/home/gary/first_ws/install/my_robot_interfaces/lib/libmy_robot_interfaces__rosidl_typesupport_introspection_cpp.so" to ""
[7.084s] -- Installing: /home/gary/first_ws/install/my_robot_interfaces/lib/libmy_robot_interfaces__rosidl_typesupport_cpp.so
[7.085s] -- Set runtime path of "/home/gary/first_ws/install/my_robot_interfaces/lib/libmy_robot_interfaces__rosidl_typesupport_cpp.so" to ""
[7.131s] Listing '/home/gary/first_ws/install/my_robot_interfaces/local/lib/python3.10/dist-packages/my_robot_interfaces'...
[7.131s] Compiling '/home/gary/first_ws/install/my_robot_interfaces/local/lib/python3.10/dist-packages/my_robot_interfaces/__init__.py'...
[7.131s] Listing '/home/gary/first_ws/install/my_robot_interfaces/local/lib/python3.10/dist-packages/my_robot_interfaces/msg'...
[7.131s] Compiling '/home/gary/first_ws/install/my_robot_interfaces/local/lib/python3.10/dist-packages/my_robot_interfaces/msg/__init__.py'...
[7.131s] Compiling '/home/gary/first_ws/install/my_robot_interfaces/local/lib/python3.10/dist-packages/my_robot_interfaces/msg/_hardware_status.py'...
[7.131s] Listing '/home/gary/first_ws/install/my_robot_interfaces/local/lib/python3.10/dist-packages/my_robot_interfaces/srv'...
[7.131s] Compiling '/home/gary/first_ws/install/my_robot_interfaces/local/lib/python3.10/dist-packages/my_robot_interfaces/srv/__init__.py'...
[7.131s] Compiling '/home/gary/first_ws/install/my_robot_interfaces/local/lib/python3.10/dist-packages/my_robot_interfaces/srv/_compute_rectangle_area.py'...
[7.131s] Compiling '/home/gary/first_ws/install/my_robot_interfaces/local/lib/python3.10/dist-packages/my_robot_interfaces/srv/_set_led.py'...
[7.137s] -- Installing: /home/gary/first_ws/install/my_robot_interfaces/lib/libmy_robot_interfaces__rosidl_generator_py.so
[7.137s] -- Set runtime path of "/home/gary/first_ws/install/my_robot_interfaces/lib/libmy_robot_interfaces__rosidl_generator_py.so" to ""
[7.138s] -- Up-to-date: /home/gary/first_ws/install/my_robot_interfaces/share/my_robot_interfaces/cmake/export_my_robot_interfaces__rosidl_generator_cExport.cmake
[7.138s] -- Up-to-date: /home/gary/first_ws/install/my_robot_interfaces/share/my_robot_interfaces/cmake/export_my_robot_interfaces__rosidl_generator_cExport-noconfig.cmake
[7.138s] -- Up-to-date: /home/gary/first_ws/install/my_robot_interfaces/share/my_robot_interfaces/cmake/export_my_robot_interfaces__rosidl_typesupport_fastrtps_cExport.cmake
[7.138s] -- Up-to-date: /home/gary/first_ws/install/my_robot_interfaces/share/my_robot_interfaces/cmake/export_my_robot_interfaces__rosidl_typesupport_fastrtps_cExport-noconfig.cmake
[7.139s] -- Up-to-date: /home/gary/first_ws/install/my_robot_interfaces/share/my_robot_interfaces/cmake/my_robot_interfaces__rosidl_typesupport_introspection_cExport.cmake
[7.139s] -- Up-to-date: /home/gary/first_ws/install/my_robot_interfaces/share/my_robot_interfaces/cmake/my_robot_interfaces__rosidl_typesupport_introspection_cExport-noconfig.cmake
[7.139s] -- Up-to-date: /home/gary/first_ws/install/my_robot_interfaces/share/my_robot_interfaces/cmake/my_robot_interfaces__rosidl_typesupport_cExport.cmake
[7.139s] -- Up-to-date: /home/gary/first_ws/install/my_robot_interfaces/share/my_robot_interfaces/cmake/my_robot_interfaces__rosidl_typesupport_cExport-noconfig.cmake
[7.140s] -- Up-to-date: /home/gary/first_ws/install/my_robot_interfaces/share/my_robot_interfaces/cmake/export_my_robot_interfaces__rosidl_generator_cppExport.cmake
[7.140s] -- Up-to-date: /home/gary/first_ws/install/my_robot_interfaces/share/my_robot_interfaces/cmake/export_my_robot_interfaces__rosidl_typesupport_fastrtps_cppExport.cmake
[7.140s] -- Up-to-date: /home/gary/first_ws/install/my_robot_interfaces/share/my_robot_interfaces/cmake/export_my_robot_interfaces__rosidl_typesupport_fastrtps_cppExport-noconfig.cmake
[7.140s] -- Up-to-date: /home/gary/first_ws/install/my_robot_interfaces/share/my_robot_interfaces/cmake/my_robot_interfaces__rosidl_typesupport_introspection_cppExport.cmake
[7.140s] -- Up-to-date: /home/gary/first_ws/install/my_robot_interfaces/share/my_robot_interfaces/cmake/my_robot_interfaces__rosidl_typesupport_introspection_cppExport-noconfig.cmake
[7.140s] -- Up-to-date: /home/gary/first_ws/install/my_robot_interfaces/share/my_robot_interfaces/cmake/my_robot_interfaces__rosidl_typesupport_cppExport.cmake
[7.140s] -- Up-to-date: /home/gary/first_ws/install/my_robot_interfaces/share/my_robot_interfaces/cmake/my_robot_interfaces__rosidl_typesupport_cppExport-noconfig.cmake
[7.140s] -- Up-to-date: /home/gary/first_ws/install/my_robot_interfaces/share/my_robot_interfaces/cmake/export_my_robot_interfaces__rosidl_generator_pyExport.cmake
[7.141s] -- Up-to-date: /home/gary/first_ws/install/my_robot_interfaces/share/my_robot_interfaces/cmake/export_my_robot_interfaces__rosidl_generator_pyExport-noconfig.cmake
[7.142s] Invoked command in '/home/gary/first_ws/build/my_robot_interfaces' returned '0': CMAKE_PREFIX_PATH=${CMAKE_PREFIX_PATH}:/home/gary/first_ws/install/my_py_pkg:/opt/ros/humble /usr/bin/cmake --install /home/gary/first_ws/build/my_robot_interfaces
