/home/gary/first_ws/install/my_py_pkg/lib/python3.10/site-packages/my_py_pkg/battery_node.py
/home/gary/first_ws/install/my_py_pkg/lib/python3.10/site-packages/my_py_pkg/add_two_ints_client.py
/home/gary/first_ws/install/my_py_pkg/lib/python3.10/site-packages/my_py_pkg/my_first_node.py
/home/gary/first_ws/install/my_py_pkg/lib/python3.10/site-packages/my_py_pkg/add_two_ints_server.py
/home/gary/first_ws/install/my_py_pkg/lib/python3.10/site-packages/my_py_pkg/my_counter.py
/home/gary/first_ws/install/my_py_pkg/lib/python3.10/site-packages/my_py_pkg/count_catch.py
/home/gary/first_ws/install/my_py_pkg/lib/python3.10/site-packages/my_py_pkg/add_two_ints_client_oop.py
/home/gary/first_ws/install/my_py_pkg/lib/python3.10/site-packages/my_py_pkg/smartphone.py
/home/gary/first_ws/install/my_py_pkg/lib/python3.10/site-packages/my_py_pkg/led_panel_node.py
/home/gary/first_ws/install/my_py_pkg/lib/python3.10/site-packages/my_py_pkg/__init__.py
/home/gary/first_ws/install/my_py_pkg/lib/python3.10/site-packages/my_py_pkg/hw_status_publisher.py
/home/gary/first_ws/install/my_py_pkg/lib/python3.10/site-packages/my_py_pkg/robot_news_station.py
/home/gary/first_ws/install/my_py_pkg/lib/python3.10/site-packages/my_py_pkg/node_template.py
/home/gary/first_ws/install/my_py_pkg/lib/python3.10/site-packages/my_py_pkg/__pycache__/battery_node.cpython-310.pyc
/home/gary/first_ws/install/my_py_pkg/lib/python3.10/site-packages/my_py_pkg/__pycache__/add_two_ints_client.cpython-310.pyc
/home/gary/first_ws/install/my_py_pkg/lib/python3.10/site-packages/my_py_pkg/__pycache__/my_first_node.cpython-310.pyc
/home/gary/first_ws/install/my_py_pkg/lib/python3.10/site-packages/my_py_pkg/__pycache__/add_two_ints_server.cpython-310.pyc
/home/gary/first_ws/install/my_py_pkg/lib/python3.10/site-packages/my_py_pkg/__pycache__/my_counter.cpython-310.pyc
/home/gary/first_ws/install/my_py_pkg/lib/python3.10/site-packages/my_py_pkg/__pycache__/count_catch.cpython-310.pyc
/home/gary/first_ws/install/my_py_pkg/lib/python3.10/site-packages/my_py_pkg/__pycache__/add_two_ints_client_oop.cpython-310.pyc
/home/gary/first_ws/install/my_py_pkg/lib/python3.10/site-packages/my_py_pkg/__pycache__/smartphone.cpython-310.pyc
/home/gary/first_ws/install/my_py_pkg/lib/python3.10/site-packages/my_py_pkg/__pycache__/led_panel_node.cpython-310.pyc
/home/gary/first_ws/install/my_py_pkg/lib/python3.10/site-packages/my_py_pkg/__pycache__/__init__.cpython-310.pyc
/home/gary/first_ws/install/my_py_pkg/lib/python3.10/site-packages/my_py_pkg/__pycache__/hw_status_publisher.cpython-310.pyc
/home/gary/first_ws/install/my_py_pkg/lib/python3.10/site-packages/my_py_pkg/__pycache__/robot_news_station.cpython-310.pyc
/home/gary/first_ws/install/my_py_pkg/lib/python3.10/site-packages/my_py_pkg/__pycache__/node_template.cpython-310.pyc
/home/gary/first_ws/install/my_py_pkg/share/ament_index/resource_index/packages/my_py_pkg
/home/gary/first_ws/install/my_py_pkg/share/my_py_pkg/package.xml
/home/gary/first_ws/install/my_py_pkg/lib/python3.10/site-packages/my_py_pkg-0.0.0-py3.10.egg-info/requires.txt
/home/gary/first_ws/install/my_py_pkg/lib/python3.10/site-packages/my_py_pkg-0.0.0-py3.10.egg-info/SOURCES.txt
/home/gary/first_ws/install/my_py_pkg/lib/python3.10/site-packages/my_py_pkg-0.0.0-py3.10.egg-info/PKG-INFO
/home/gary/first_ws/install/my_py_pkg/lib/python3.10/site-packages/my_py_pkg-0.0.0-py3.10.egg-info/dependency_links.txt
/home/gary/first_ws/install/my_py_pkg/lib/python3.10/site-packages/my_py_pkg-0.0.0-py3.10.egg-info/zip-safe
/home/gary/first_ws/install/my_py_pkg/lib/python3.10/site-packages/my_py_pkg-0.0.0-py3.10.egg-info/entry_points.txt
/home/gary/first_ws/install/my_py_pkg/lib/python3.10/site-packages/my_py_pkg-0.0.0-py3.10.egg-info/top_level.txt
/home/gary/first_ws/install/my_py_pkg/lib/my_py_pkg/add_two_ints_client
/home/gary/first_ws/install/my_py_pkg/lib/my_py_pkg/add_two_ints_client_oop
/home/gary/first_ws/install/my_py_pkg/lib/my_py_pkg/add_two_ints_server
/home/gary/first_ws/install/my_py_pkg/lib/my_py_pkg/battery_node
/home/gary/first_ws/install/my_py_pkg/lib/my_py_pkg/count_catch
/home/gary/first_ws/install/my_py_pkg/lib/my_py_pkg/hw_status_publisher
/home/gary/first_ws/install/my_py_pkg/lib/my_py_pkg/led_panel_node
/home/gary/first_ws/install/my_py_pkg/lib/my_py_pkg/my_counter
/home/gary/first_ws/install/my_py_pkg/lib/my_py_pkg/py_node
/home/gary/first_ws/install/my_py_pkg/lib/my_py_pkg/robot_new_staton
/home/gary/first_ws/install/my_py_pkg/lib/my_py_pkg/smartphone
