[1.306s] Invoking command in '/home/gary/first_ws/build/my_py_pkg': AMENT_PREFIX_PATH=/home/gary/first_ws/install/my_robot_interfaces:${AMENT_PREFIX_PATH} CMAKE_PREFIX_PATH=/home/gary/first_ws/install/my_robot_interfaces LD_LIBRARY_PATH=/home/gary/first_ws/install/my_robot_interfaces/lib:${LD_LIBRARY_PATH} PYTHONPATH=/home/gary/first_ws/build/my_py_pkg/prefix_override:/home/gary/first_ws/install/my_py_pkg/lib/python3.10/site-packages:/home/gary/first_ws/install/my_robot_interfaces/local/lib/python3.10/dist-packages:${PYTHONPATH} /usr/bin/python3 setup.py develop --editable --build-directory /home/gary/first_ws/build/my_py_pkg/build --no-deps install_data
[1.681s] running develop
[1.871s] running egg_info
[1.871s] writing my_py_pkg.egg-info/PKG-INFO
[1.871s] writing dependency_links to my_py_pkg.egg-info/dependency_links.txt
[1.871s] writing entry points to my_py_pkg.egg-info/entry_points.txt
[1.872s] writing requirements to my_py_pkg.egg-info/requires.txt
[1.872s] writing top-level names to my_py_pkg.egg-info/top_level.txt
[1.874s] reading manifest file 'my_py_pkg.egg-info/SOURCES.txt'
[1.877s] writing manifest file 'my_py_pkg.egg-info/SOURCES.txt'
[1.879s] running build_ext
[1.880s] Creating /home/gary/first_ws/install/my_py_pkg/lib/python3.10/site-packages/my-py-pkg.egg-link (link to .)
[1.881s] Installing add_two_ints_client script to /home/gary/first_ws/install/my_py_pkg/lib/my_py_pkg
[1.882s] Installing add_two_ints_client_oop script to /home/gary/first_ws/install/my_py_pkg/lib/my_py_pkg
[1.882s] Installing add_two_ints_server script to /home/gary/first_ws/install/my_py_pkg/lib/my_py_pkg
[1.882s] Installing count_catch script to /home/gary/first_ws/install/my_py_pkg/lib/my_py_pkg
[1.883s] Installing hw_status_publisher script to /home/gary/first_ws/install/my_py_pkg/lib/my_py_pkg
[1.883s] Installing my_counter script to /home/gary/first_ws/install/my_py_pkg/lib/my_py_pkg
[1.883s] Installing py_node script to /home/gary/first_ws/install/my_py_pkg/lib/my_py_pkg
[1.884s] Installing robot_new_staton script to /home/gary/first_ws/install/my_py_pkg/lib/my_py_pkg
[1.884s] Installing smartphone script to /home/gary/first_ws/install/my_py_pkg/lib/my_py_pkg
[1.884s] 
[1.884s] Installed /home/gary/first_ws/build/my_py_pkg
[1.884s] running install_data
[1.884s] copying package.xml -> /home/gary/first_ws/install/my_py_pkg/share/my_py_pkg
[1.922s] Invoked command in '/home/gary/first_ws/build/my_py_pkg' returned '0': AMENT_PREFIX_PATH=/home/gary/first_ws/install/my_robot_interfaces:${AMENT_PREFIX_PATH} CMAKE_PREFIX_PATH=/home/gary/first_ws/install/my_robot_interfaces LD_LIBRARY_PATH=/home/gary/first_ws/install/my_robot_interfaces/lib:${LD_LIBRARY_PATH} PYTHONPATH=/home/gary/first_ws/build/my_py_pkg/prefix_override:/home/gary/first_ws/install/my_py_pkg/lib/python3.10/site-packages:/home/gary/first_ws/install/my_robot_interfaces/local/lib/python3.10/dist-packages:${PYTHONPATH} /usr/bin/python3 setup.py develop --editable --build-directory /home/gary/first_ws/build/my_py_pkg/build --no-deps install_data
