[0.082s] Invoking command in '/home/gary/first_ws/build/my_robot_interfaces': CMAKE_PREFIX_PATH=/home/gary/first_ws/install/my_py_pkg:/opt/ros/humble /usr/bin/cmake /home/gary/first_ws/src/my_robot_interfaces -DAMENT_CMAKE_SYMLINK_INSTALL=1 -DCMAKE_INSTALL_PREFIX=/home/gary/first_ws/install/my_robot_interfaces
[0.094s] -- Found ament_cmake: 1.3.7 (/opt/ros/humble/share/ament_cmake/cmake)
[0.265s] -- Override CMake install command with custom implementation using symlinks instead of copying resources
[0.274s] -- Found rosidl_default_generators: 1.2.0 (/opt/ros/humble/share/rosidl_default_generators/cmake)
[0.276s] -- Using all available rosidl_typesupport_c: rosidl_typesupport_fastrtps_c;rosidl_typesupport_introspection_c
[0.280s] -- Found rosidl_adapter: 3.1.5 (/opt/ros/humble/share/rosidl_adapter/cmake)
[0.514s] -- Using all available rosidl_typesupport_cpp: rosidl_typesupport_fastrtps_cpp;rosidl_typesupport_introspection_cpp
[0.845s] -- Found ament_cmake_ros: 0.10.0 (/opt/ros/humble/share/ament_cmake_ros/cmake)
[1.083s] -- Using all available rosidl_typesupport_c: rosidl_typesupport_fastrtps_c;rosidl_typesupport_introspection_c
[1.372s] -- Using all available rosidl_typesupport_cpp: rosidl_typesupport_fastrtps_cpp;rosidl_typesupport_introspection_cpp
[1.608s] -- Found PythonInterp: /usr/bin/python3 (found suitable version "3.10.12", minimum required is "3.6") 
[1.613s] -- Found python_cmake_module: 0.10.0 (/opt/ros/humble/share/python_cmake_module/cmake)
[2.336s] -- Found PythonLibs: /usr/lib/x86_64-linux-gnu/libpython3.10.so (found suitable version "3.10.12", minimum required is "3.5") 
[2.336s] -- Using PYTHON_EXECUTABLE: /usr/bin/python3
[2.336s] -- Using PYTHON_INCLUDE_DIRS: /usr/include/python3.10
[2.336s] -- Using PYTHON_LIBRARIES: /usr/lib/x86_64-linux-gnu/libpython3.10.so
[2.359s] -- Found PythonExtra: .so  
[2.500s] -- Configuring done
[2.549s] -- Generating done
[2.552s] -- Build files have been written to: /home/gary/first_ws/build/my_robot_interfaces
[2.561s] Invoked command in '/home/gary/first_ws/build/my_robot_interfaces' returned '0': CMAKE_PREFIX_PATH=/home/gary/first_ws/install/my_py_pkg:/opt/ros/humble /usr/bin/cmake /home/gary/first_ws/src/my_robot_interfaces -DAMENT_CMAKE_SYMLINK_INSTALL=1 -DCMAKE_INSTALL_PREFIX=/home/gary/first_ws/install/my_robot_interfaces
[2.565s] Invoking command in '/home/gary/first_ws/build/my_robot_interfaces': CMAKE_PREFIX_PATH=/home/gary/first_ws/install/my_py_pkg:/opt/ros/humble /usr/bin/cmake --build /home/gary/first_ws/build/my_robot_interfaces -- -j8 -l8
[2.605s] [  3%] [34m[1mGenerating C code for ROS interfaces[0m
[2.614s] [  6%] [34m[1mGenerating C++ code for ROS interfaces[0m
[2.629s] [  6%] Built target ament_cmake_python_symlink_my_robot_interfaces
[2.982s] running egg_info
[2.983s] creating my_robot_interfaces.egg-info
[2.983s] writing my_robot_interfaces.egg-info/PKG-INFO
[2.983s] writing dependency_links to my_robot_interfaces.egg-info/dependency_links.txt
[2.983s] writing top-level names to my_robot_interfaces.egg-info/top_level.txt
[2.984s] writing manifest file 'my_robot_interfaces.egg-info/SOURCES.txt'
[2.985s] [  6%] Built target my_robot_interfaces__cpp
[2.986s] reading manifest file 'my_robot_interfaces.egg-info/SOURCES.txt'
[2.987s] writing manifest file 'my_robot_interfaces.egg-info/SOURCES.txt'
[2.992s] [  9%] [32mBuilding C object CMakeFiles/my_robot_interfaces__rosidl_generator_c.dir/rosidl_generator_c/my_robot_interfaces/msg/detail/hardware_status__functions.c.o[0m
[2.998s] [ 12%] [34m[1mGenerating C++ introspection for ROS interfaces[0m
[2.998s] [ 16%] [34m[1mGenerating C++ type support for eProsima Fast-RTPS[0m
[2.998s] [ 19%] [34m[1mGenerating C++ type support dispatch for ROS interfaces[0m
[3.032s] [ 19%] Built target ament_cmake_python_build_my_robot_interfaces_egg
[3.078s] [ 22%] [32m[1mLinking C shared library libmy_robot_interfaces__rosidl_generator_c.so[0m
[3.271s] [ 22%] Built target my_robot_interfaces__rosidl_generator_c
[3.282s] [ 25%] [34m[1mGenerating C introspection for ROS interfaces[0m
[3.284s] [ 29%] [34m[1mGenerating C type support dispatch for ROS interfaces[0m
[3.284s] [ 32%] [34m[1mGenerating C type support for eProsima Fast-RTPS[0m
[3.376s] [ 35%] [32mBuilding CXX object CMakeFiles/my_robot_interfaces__rosidl_typesupport_introspection_cpp.dir/rosidl_typesupport_introspection_cpp/my_robot_interfaces/msg/detail/hardware_status__type_support.cpp.o[0m
[3.389s] [ 38%] [32mBuilding CXX object CMakeFiles/my_robot_interfaces__rosidl_typesupport_fastrtps_cpp.dir/rosidl_typesupport_fastrtps_cpp/my_robot_interfaces/msg/detail/dds_fastrtps/hardware_status__type_support.cpp.o[0m
[3.434s] [ 41%] [32mBuilding CXX object CMakeFiles/my_robot_interfaces__rosidl_typesupport_cpp.dir/rosidl_typesupport_cpp/my_robot_interfaces/msg/hardware_status__type_support.cpp.o[0m
[3.704s] [ 45%] [32mBuilding CXX object CMakeFiles/my_robot_interfaces__rosidl_typesupport_c.dir/rosidl_typesupport_c/my_robot_interfaces/msg/hardware_status__type_support.cpp.o[0m
[3.749s] [ 48%] [32mBuilding CXX object CMakeFiles/my_robot_interfaces__rosidl_typesupport_fastrtps_c.dir/rosidl_typesupport_fastrtps_c/my_robot_interfaces/msg/detail/hardware_status__type_support_c.cpp.o[0m
[3.755s] [ 51%] [32m[1mLinking CXX shared library libmy_robot_interfaces__rosidl_typesupport_c.so[0m
[3.757s] [ 54%] [32mBuilding C object CMakeFiles/my_robot_interfaces__rosidl_typesupport_introspection_c.dir/rosidl_typesupport_introspection_c/my_robot_interfaces/msg/detail/hardware_status__type_support.c.o[0m
[3.811s] [ 58%] [32m[1mLinking C shared library libmy_robot_interfaces__rosidl_typesupport_introspection_c.so[0m
[3.950s] [ 61%] [32m[1mLinking CXX shared library libmy_robot_interfaces__rosidl_typesupport_cpp.so[0m
[4.044s] [ 61%] Built target my_robot_interfaces__rosidl_typesupport_c
[4.079s] [ 61%] Built target my_robot_interfaces__rosidl_typesupport_introspection_c
[4.180s] [ 64%] [32m[1mLinking CXX shared library libmy_robot_interfaces__rosidl_typesupport_introspection_cpp.so[0m
[4.188s] [ 67%] [32m[1mLinking CXX shared library libmy_robot_interfaces__rosidl_typesupport_fastrtps_cpp.so[0m
[4.206s] [ 67%] Built target my_robot_interfaces__rosidl_typesupport_cpp
[4.392s] [ 70%] [32m[1mLinking CXX shared library libmy_robot_interfaces__rosidl_typesupport_fastrtps_c.so[0m
[4.396s] [ 70%] Built target my_robot_interfaces__rosidl_typesupport_introspection_cpp
[4.407s] [ 70%] Built target my_robot_interfaces__rosidl_typesupport_fastrtps_cpp
[4.608s] [ 70%] Built target my_robot_interfaces__rosidl_typesupport_fastrtps_c
[4.629s] [ 70%] Built target my_robot_interfaces
[4.648s] [ 74%] [34m[1mGenerating Python code for ROS interfaces[0m
[5.034s] [ 74%] Built target my_robot_interfaces__py
[5.055s] [ 77%] [32mBuilding C object CMakeFiles/my_robot_interfaces__rosidl_generator_py.dir/rosidl_generator_py/my_robot_interfaces/msg/_hardware_status_s.c.o[0m
[5.183s] [ 80%] [32m[1mLinking C shared library rosidl_generator_py/my_robot_interfaces/libmy_robot_interfaces__rosidl_generator_py.so[0m
[5.396s] [ 80%] Built target my_robot_interfaces__rosidl_generator_py
[5.417s] [ 83%] [32mBuilding C object CMakeFiles/my_robot_interfaces__rosidl_typesupport_c__pyext.dir/rosidl_generator_py/my_robot_interfaces/_my_robot_interfaces_s.ep.rosidl_typesupport_c.c.o[0m
[5.417s] [ 87%] [32mBuilding C object CMakeFiles/my_robot_interfaces__rosidl_typesupport_introspection_c__pyext.dir/rosidl_generator_py/my_robot_interfaces/_my_robot_interfaces_s.ep.rosidl_typesupport_introspection_c.c.o[0m
[5.419s] [ 90%] [32mBuilding C object CMakeFiles/my_robot_interfaces__rosidl_typesupport_fastrtps_c__pyext.dir/rosidl_generator_py/my_robot_interfaces/_my_robot_interfaces_s.ep.rosidl_typesupport_fastrtps_c.c.o[0m
[5.544s] [ 96%] [32m[1mLinking C shared library rosidl_generator_py/my_robot_interfaces/my_robot_interfaces_s__rosidl_typesupport_c.cpython-310-x86_64-linux-gnu.so[0m
[5.544s] [ 96%] [32m[1mLinking C shared library rosidl_generator_py/my_robot_interfaces/my_robot_interfaces_s__rosidl_typesupport_introspection_c.cpython-310-x86_64-linux-gnu.so[0m
[5.564s] [100%] [32m[1mLinking C shared library rosidl_generator_py/my_robot_interfaces/my_robot_interfaces_s__rosidl_typesupport_fastrtps_c.cpython-310-x86_64-linux-gnu.so[0m
[5.741s] [100%] Built target my_robot_interfaces__rosidl_typesupport_introspection_c__pyext
[5.748s] [100%] Built target my_robot_interfaces__rosidl_typesupport_c__pyext
[5.776s] [100%] Built target my_robot_interfaces__rosidl_typesupport_fastrtps_c__pyext
[5.790s] Invoked command in '/home/gary/first_ws/build/my_robot_interfaces' returned '0': CMAKE_PREFIX_PATH=/home/gary/first_ws/install/my_py_pkg:/opt/ros/humble /usr/bin/cmake --build /home/gary/first_ws/build/my_robot_interfaces -- -j8 -l8
[5.864s] Invoking command in '/home/gary/first_ws/build/my_robot_interfaces': CMAKE_PREFIX_PATH=/home/gary/first_ws/install/my_py_pkg:/opt/ros/humble /usr/bin/cmake --install /home/gary/first_ws/build/my_robot_interfaces
[5.871s] -- Install configuration: ""
[5.871s] -- Execute custom install script
[5.872s] -- Symlinking: /home/gary/first_ws/install/my_robot_interfaces/share/ament_index/resource_index/rosidl_interfaces/my_robot_interfaces
[5.884s] -- Symlinking: /home/gary/first_ws/install/my_robot_interfaces/include/my_robot_interfaces/my_robot_interfaces/msg/detail/hardware_status__functions.h
[5.896s] -- Symlinking: /home/gary/first_ws/install/my_robot_interfaces/include/my_robot_interfaces/my_robot_interfaces/msg/detail/hardware_status__struct.h
[5.906s] -- Symlinking: /home/gary/first_ws/install/my_robot_interfaces/include/my_robot_interfaces/my_robot_interfaces/msg/detail/hardware_status__type_support.h
[5.917s] -- Symlinking: /home/gary/first_ws/install/my_robot_interfaces/include/my_robot_interfaces/my_robot_interfaces/msg/hardware_status.h
[5.929s] -- Symlinking: /home/gary/first_ws/install/my_robot_interfaces/include/my_robot_interfaces/my_robot_interfaces/msg/rosidl_generator_c__visibility_control.h
[5.938s] -- Symlinking: /home/gary/first_ws/install/my_robot_interfaces/share/my_robot_interfaces/environment/library_path.sh
[5.949s] -- Symlinking: /home/gary/first_ws/install/my_robot_interfaces/share/my_robot_interfaces/environment/library_path.dsv
[5.959s] -- Symlinking: /home/gary/first_ws/install/my_robot_interfaces/include/my_robot_interfaces/my_robot_interfaces/msg/detail/hardware_status__rosidl_typesupport_fastrtps_c.h
[5.969s] -- Symlinking: /home/gary/first_ws/install/my_robot_interfaces/include/my_robot_interfaces/my_robot_interfaces/msg/rosidl_typesupport_fastrtps_c__visibility_control.h
[5.978s] -- Symlinking: /home/gary/first_ws/install/my_robot_interfaces/include/my_robot_interfaces/my_robot_interfaces/msg/detail/hardware_status__rosidl_typesupport_introspection_c.h
[5.986s] -- Symlinking: /home/gary/first_ws/install/my_robot_interfaces/include/my_robot_interfaces/my_robot_interfaces/msg/rosidl_typesupport_introspection_c__visibility_control.h
[5.996s] -- Symlinking: /home/gary/first_ws/install/my_robot_interfaces/include/my_robot_interfaces/my_robot_interfaces/msg/detail/hardware_status__builder.hpp
[6.004s] -- Symlinking: /home/gary/first_ws/install/my_robot_interfaces/include/my_robot_interfaces/my_robot_interfaces/msg/detail/hardware_status__struct.hpp
[6.014s] -- Symlinking: /home/gary/first_ws/install/my_robot_interfaces/include/my_robot_interfaces/my_robot_interfaces/msg/detail/hardware_status__traits.hpp
[6.023s] -- Symlinking: /home/gary/first_ws/install/my_robot_interfaces/include/my_robot_interfaces/my_robot_interfaces/msg/hardware_status.hpp
[6.034s] -- Symlinking: /home/gary/first_ws/install/my_robot_interfaces/include/my_robot_interfaces/my_robot_interfaces/msg/detail/hardware_status__rosidl_typesupport_fastrtps_cpp.hpp
[6.047s] -- Symlinking: /home/gary/first_ws/install/my_robot_interfaces/include/my_robot_interfaces/my_robot_interfaces/msg/rosidl_typesupport_fastrtps_cpp__visibility_control.h
[6.058s] -- Symlinking: /home/gary/first_ws/install/my_robot_interfaces/include/my_robot_interfaces/my_robot_interfaces/msg/detail/hardware_status__rosidl_typesupport_introspection_cpp.hpp
[6.069s] -- Symlinking: /home/gary/first_ws/install/my_robot_interfaces/share/my_robot_interfaces/environment/pythonpath.sh
[6.080s] -- Symlinking: /home/gary/first_ws/install/my_robot_interfaces/share/my_robot_interfaces/environment/pythonpath.dsv
[6.093s] -- Symlinking: /home/gary/first_ws/install/my_robot_interfaces/local/lib/python3.10/dist-packages/my_robot_interfaces-0.0.0-py3.10.egg-info/PKG-INFO
[6.104s] -- Symlinking: /home/gary/first_ws/install/my_robot_interfaces/local/lib/python3.10/dist-packages/my_robot_interfaces-0.0.0-py3.10.egg-info/SOURCES.txt
[6.115s] -- Symlinking: /home/gary/first_ws/install/my_robot_interfaces/local/lib/python3.10/dist-packages/my_robot_interfaces-0.0.0-py3.10.egg-info/dependency_links.txt
[6.127s] -- Symlinking: /home/gary/first_ws/install/my_robot_interfaces/local/lib/python3.10/dist-packages/my_robot_interfaces-0.0.0-py3.10.egg-info/top_level.txt
[6.139s] -- Symlinking: /home/gary/first_ws/install/my_robot_interfaces/local/lib/python3.10/dist-packages/my_robot_interfaces/__init__.py
[6.152s] -- Symlinking: /home/gary/first_ws/install/my_robot_interfaces/local/lib/python3.10/dist-packages/my_robot_interfaces/_my_robot_interfaces_s.ep.rosidl_typesupport_c.c
[6.163s] -- Symlinking: /home/gary/first_ws/install/my_robot_interfaces/local/lib/python3.10/dist-packages/my_robot_interfaces/_my_robot_interfaces_s.ep.rosidl_typesupport_fastrtps_c.c
[6.174s] -- Symlinking: /home/gary/first_ws/install/my_robot_interfaces/local/lib/python3.10/dist-packages/my_robot_interfaces/_my_robot_interfaces_s.ep.rosidl_typesupport_introspection_c.c
[6.185s] -- Symlinking: /home/gary/first_ws/install/my_robot_interfaces/local/lib/python3.10/dist-packages/my_robot_interfaces/libmy_robot_interfaces__rosidl_generator_py.so
[6.205s] -- Symlinking: /home/gary/first_ws/install/my_robot_interfaces/local/lib/python3.10/dist-packages/my_robot_interfaces/msg/__init__.py
[6.214s] -- Symlinking: /home/gary/first_ws/install/my_robot_interfaces/local/lib/python3.10/dist-packages/my_robot_interfaces/msg/_hardware_status.py
[6.233s] -- Symlinking: /home/gary/first_ws/install/my_robot_interfaces/local/lib/python3.10/dist-packages/my_robot_interfaces/msg/_hardware_status_s.c
[6.245s] -- Symlinking: /home/gary/first_ws/install/my_robot_interfaces/local/lib/python3.10/dist-packages/my_robot_interfaces/my_robot_interfaces_s__rosidl_typesupport_c.cpython-310-x86_64-linux-gnu.so
[6.257s] -- Symlinking: /home/gary/first_ws/install/my_robot_interfaces/local/lib/python3.10/dist-packages/my_robot_interfaces/my_robot_interfaces_s__rosidl_typesupport_fastrtps_c.cpython-310-x86_64-linux-gnu.so
[6.270s] -- Symlinking: /home/gary/first_ws/install/my_robot_interfaces/local/lib/python3.10/dist-packages/my_robot_interfaces/my_robot_interfaces_s__rosidl_typesupport_introspection_c.cpython-310-x86_64-linux-gnu.so
[6.285s] -- Up-to-date symlink: /home/gary/first_ws/install/my_robot_interfaces/local/lib/python3.10/dist-packages/my_robot_interfaces/my_robot_interfaces_s__rosidl_typesupport_fastrtps_c.cpython-310-x86_64-linux-gnu.so
[6.285s] -- Up-to-date symlink: /home/gary/first_ws/install/my_robot_interfaces/local/lib/python3.10/dist-packages/my_robot_interfaces/my_robot_interfaces_s__rosidl_typesupport_introspection_c.cpython-310-x86_64-linux-gnu.so
[6.286s] -- Up-to-date symlink: /home/gary/first_ws/install/my_robot_interfaces/local/lib/python3.10/dist-packages/my_robot_interfaces/my_robot_interfaces_s__rosidl_typesupport_c.cpython-310-x86_64-linux-gnu.so
[6.286s] -- Symlinking: /home/gary/first_ws/install/my_robot_interfaces/share/my_robot_interfaces/msg/HardwareStatus.idl
[6.303s] -- Symlinking: /home/gary/first_ws/install/my_robot_interfaces/share/my_robot_interfaces/msg/HardwareStatus.msg
[6.315s] -- Symlinking: /home/gary/first_ws/install/my_robot_interfaces/share/ament_index/resource_index/package_run_dependencies/my_robot_interfaces
[6.330s] -- Symlinking: /home/gary/first_ws/install/my_robot_interfaces/share/ament_index/resource_index/parent_prefix_path/my_robot_interfaces
[6.343s] -- Symlinking: /home/gary/first_ws/install/my_robot_interfaces/share/my_robot_interfaces/environment/ament_prefix_path.sh
[6.355s] -- Symlinking: /home/gary/first_ws/install/my_robot_interfaces/share/my_robot_interfaces/environment/ament_prefix_path.dsv
[6.369s] -- Symlinking: /home/gary/first_ws/install/my_robot_interfaces/share/my_robot_interfaces/environment/path.sh
[6.381s] -- Symlinking: /home/gary/first_ws/install/my_robot_interfaces/share/my_robot_interfaces/environment/path.dsv
[6.394s] -- Symlinking: /home/gary/first_ws/install/my_robot_interfaces/share/my_robot_interfaces/local_setup.bash
[6.406s] -- Symlinking: /home/gary/first_ws/install/my_robot_interfaces/share/my_robot_interfaces/local_setup.sh
[6.419s] -- Symlinking: /home/gary/first_ws/install/my_robot_interfaces/share/my_robot_interfaces/local_setup.zsh
[6.432s] -- Symlinking: /home/gary/first_ws/install/my_robot_interfaces/share/my_robot_interfaces/local_setup.dsv
[6.445s] -- Symlinking: /home/gary/first_ws/install/my_robot_interfaces/share/my_robot_interfaces/package.dsv
[6.469s] -- Symlinking: /home/gary/first_ws/install/my_robot_interfaces/share/ament_index/resource_index/packages/my_robot_interfaces
[6.484s] -- Symlinking: /home/gary/first_ws/install/my_robot_interfaces/share/my_robot_interfaces/cmake/rosidl_cmake-extras.cmake
[6.501s] -- Symlinking: /home/gary/first_ws/install/my_robot_interfaces/share/my_robot_interfaces/cmake/ament_cmake_export_include_directories-extras.cmake
[6.516s] -- Symlinking: /home/gary/first_ws/install/my_robot_interfaces/share/my_robot_interfaces/cmake/ament_cmake_export_libraries-extras.cmake
[6.532s] -- Symlinking: /home/gary/first_ws/install/my_robot_interfaces/share/my_robot_interfaces/cmake/ament_cmake_export_targets-extras.cmake
[6.548s] -- Symlinking: /home/gary/first_ws/install/my_robot_interfaces/share/my_robot_interfaces/cmake/rosidl_cmake_export_typesupport_targets-extras.cmake
[6.564s] -- Symlinking: /home/gary/first_ws/install/my_robot_interfaces/share/my_robot_interfaces/cmake/ament_cmake_export_dependencies-extras.cmake
[6.580s] -- Symlinking: /home/gary/first_ws/install/my_robot_interfaces/share/my_robot_interfaces/cmake/rosidl_cmake_export_typesupport_libraries-extras.cmake
[6.593s] -- Symlinking: /home/gary/first_ws/install/my_robot_interfaces/share/my_robot_interfaces/cmake/my_robot_interfacesConfig.cmake
[6.604s] -- Symlinking: /home/gary/first_ws/install/my_robot_interfaces/share/my_robot_interfaces/cmake/my_robot_interfacesConfig-version.cmake
[6.620s] -- Symlinking: /home/gary/first_ws/install/my_robot_interfaces/share/my_robot_interfaces/package.xml
[6.633s] -- Installing: /home/gary/first_ws/install/my_robot_interfaces/lib/libmy_robot_interfaces__rosidl_generator_c.so
[6.633s] -- Set runtime path of "/home/gary/first_ws/install/my_robot_interfaces/lib/libmy_robot_interfaces__rosidl_generator_c.so" to ""
[6.633s] -- Installing: /home/gary/first_ws/install/my_robot_interfaces/lib/libmy_robot_interfaces__rosidl_typesupport_fastrtps_c.so
[6.634s] -- Set runtime path of "/home/gary/first_ws/install/my_robot_interfaces/lib/libmy_robot_interfaces__rosidl_typesupport_fastrtps_c.so" to ""
[6.634s] -- Installing: /home/gary/first_ws/install/my_robot_interfaces/lib/libmy_robot_interfaces__rosidl_typesupport_introspection_c.so
[6.635s] -- Set runtime path of "/home/gary/first_ws/install/my_robot_interfaces/lib/libmy_robot_interfaces__rosidl_typesupport_introspection_c.so" to ""
[6.635s] -- Installing: /home/gary/first_ws/install/my_robot_interfaces/lib/libmy_robot_interfaces__rosidl_typesupport_c.so
[6.635s] -- Set runtime path of "/home/gary/first_ws/install/my_robot_interfaces/lib/libmy_robot_interfaces__rosidl_typesupport_c.so" to ""
[6.636s] -- Installing: /home/gary/first_ws/install/my_robot_interfaces/lib/libmy_robot_interfaces__rosidl_typesupport_fastrtps_cpp.so
[6.636s] -- Set runtime path of "/home/gary/first_ws/install/my_robot_interfaces/lib/libmy_robot_interfaces__rosidl_typesupport_fastrtps_cpp.so" to ""
[6.637s] -- Installing: /home/gary/first_ws/install/my_robot_interfaces/lib/libmy_robot_interfaces__rosidl_typesupport_introspection_cpp.so
[6.637s] -- Set runtime path of "/home/gary/first_ws/install/my_robot_interfaces/lib/libmy_robot_interfaces__rosidl_typesupport_introspection_cpp.so" to ""
[6.637s] -- Installing: /home/gary/first_ws/install/my_robot_interfaces/lib/libmy_robot_interfaces__rosidl_typesupport_cpp.so
[6.638s] -- Set runtime path of "/home/gary/first_ws/install/my_robot_interfaces/lib/libmy_robot_interfaces__rosidl_typesupport_cpp.so" to ""
[6.717s] Listing '/home/gary/first_ws/install/my_robot_interfaces/local/lib/python3.10/dist-packages/my_robot_interfaces'...
[6.717s] Compiling '/home/gary/first_ws/install/my_robot_interfaces/local/lib/python3.10/dist-packages/my_robot_interfaces/__init__.py'...
[6.717s] Listing '/home/gary/first_ws/install/my_robot_interfaces/local/lib/python3.10/dist-packages/my_robot_interfaces/msg'...
[6.717s] Compiling '/home/gary/first_ws/install/my_robot_interfaces/local/lib/python3.10/dist-packages/my_robot_interfaces/msg/__init__.py'...
[6.717s] Compiling '/home/gary/first_ws/install/my_robot_interfaces/local/lib/python3.10/dist-packages/my_robot_interfaces/msg/_hardware_status.py'...
[6.728s] -- Installing: /home/gary/first_ws/install/my_robot_interfaces/lib/libmy_robot_interfaces__rosidl_generator_py.so
[6.728s] -- Set runtime path of "/home/gary/first_ws/install/my_robot_interfaces/lib/libmy_robot_interfaces__rosidl_generator_py.so" to ""
[6.728s] -- Installing: /home/gary/first_ws/install/my_robot_interfaces/share/my_robot_interfaces/cmake/export_my_robot_interfaces__rosidl_generator_cExport.cmake
[6.731s] -- Installing: /home/gary/first_ws/install/my_robot_interfaces/share/my_robot_interfaces/cmake/export_my_robot_interfaces__rosidl_generator_cExport-noconfig.cmake
[6.731s] -- Installing: /home/gary/first_ws/install/my_robot_interfaces/share/my_robot_interfaces/cmake/export_my_robot_interfaces__rosidl_typesupport_fastrtps_cExport.cmake
[6.732s] -- Installing: /home/gary/first_ws/install/my_robot_interfaces/share/my_robot_interfaces/cmake/export_my_robot_interfaces__rosidl_typesupport_fastrtps_cExport-noconfig.cmake
[6.732s] -- Installing: /home/gary/first_ws/install/my_robot_interfaces/share/my_robot_interfaces/cmake/my_robot_interfaces__rosidl_typesupport_introspection_cExport.cmake
[6.732s] -- Installing: /home/gary/first_ws/install/my_robot_interfaces/share/my_robot_interfaces/cmake/my_robot_interfaces__rosidl_typesupport_introspection_cExport-noconfig.cmake
[6.732s] -- Installing: /home/gary/first_ws/install/my_robot_interfaces/share/my_robot_interfaces/cmake/my_robot_interfaces__rosidl_typesupport_cExport.cmake
[6.732s] -- Installing: /home/gary/first_ws/install/my_robot_interfaces/share/my_robot_interfaces/cmake/my_robot_interfaces__rosidl_typesupport_cExport-noconfig.cmake
[6.732s] -- Installing: /home/gary/first_ws/install/my_robot_interfaces/share/my_robot_interfaces/cmake/export_my_robot_interfaces__rosidl_generator_cppExport.cmake
[6.733s] -- Installing: /home/gary/first_ws/install/my_robot_interfaces/share/my_robot_interfaces/cmake/export_my_robot_interfaces__rosidl_typesupport_fastrtps_cppExport.cmake
[6.733s] -- Installing: /home/gary/first_ws/install/my_robot_interfaces/share/my_robot_interfaces/cmake/export_my_robot_interfaces__rosidl_typesupport_fastrtps_cppExport-noconfig.cmake
[6.733s] -- Installing: /home/gary/first_ws/install/my_robot_interfaces/share/my_robot_interfaces/cmake/my_robot_interfaces__rosidl_typesupport_introspection_cppExport.cmake
[6.733s] -- Installing: /home/gary/first_ws/install/my_robot_interfaces/share/my_robot_interfaces/cmake/my_robot_interfaces__rosidl_typesupport_introspection_cppExport-noconfig.cmake
[6.733s] -- Installing: /home/gary/first_ws/install/my_robot_interfaces/share/my_robot_interfaces/cmake/my_robot_interfaces__rosidl_typesupport_cppExport.cmake
[6.733s] -- Installing: /home/gary/first_ws/install/my_robot_interfaces/share/my_robot_interfaces/cmake/my_robot_interfaces__rosidl_typesupport_cppExport-noconfig.cmake
[6.733s] -- Installing: /home/gary/first_ws/install/my_robot_interfaces/share/my_robot_interfaces/cmake/export_my_robot_interfaces__rosidl_generator_pyExport.cmake
[6.734s] -- Installing: /home/gary/first_ws/install/my_robot_interfaces/share/my_robot_interfaces/cmake/export_my_robot_interfaces__rosidl_generator_pyExport-noconfig.cmake
[6.736s] Invoked command in '/home/gary/first_ws/build/my_robot_interfaces' returned '0': CMAKE_PREFIX_PATH=/home/gary/first_ws/install/my_py_pkg:/opt/ros/humble /usr/bin/cmake --install /home/gary/first_ws/build/my_robot_interfaces
