[0.076s] Invoking command in '/home/gary/first_ws/build/my_robot_interfaces': CMAKE_PREFIX_PATH=/home/gary/first_ws/install/my_py_pkg:/opt/ros/humble /usr/bin/cmake /home/gary/first_ws/src/my_robot_interfaces -DAMENT_CMAKE_SYMLINK_INSTALL=1 -DCMAKE_INSTALL_PREFIX=/home/gary/first_ws/install/my_robot_interfaces
[0.467s] -- The C compiler identification is GNU 11.4.0
[1.327s] -- The CXX compiler identification is GNU 11.4.0
[1.786s] -- Detecting C compiler ABI info
[1.985s] -- Detecting C compiler ABI info - done
[1.993s] -- Check for working C compiler: /usr/bin/cc - skipped
[1.994s] -- Detecting C compile features
[1.996s] -- Detecting C compile features - done
[2.003s] -- Detecting CXX compiler ABI info
[2.218s] -- Detecting CXX compiler ABI info - done
[2.227s] -- Check for working CXX compiler: /usr/bin/c++ - skipped
[2.227s] -- Detecting CXX compile features
[2.228s] -- Detecting CXX compile features - done
[2.247s] -- Found ament_cmake: 1.3.7 (/opt/ros/humble/share/ament_cmake/cmake)
[2.449s] -- Found Python3: /usr/bin/python3.10 (found version "3.10.12") found components: Interpreter 
[2.531s] -- Override CMake install command with custom implementation using symlinks instead of copying resources
[2.595s] -- Found rosidl_default_generators: 1.2.0 (/opt/ros/humble/share/rosidl_default_generators/cmake)
[2.604s] -- Using all available rosidl_typesupport_c: rosidl_typesupport_fastrtps_c;rosidl_typesupport_introspection_c
[2.622s] -- Found rosidl_adapter: 3.1.5 (/opt/ros/humble/share/rosidl_adapter/cmake)
[2.881s] -- Using all available rosidl_typesupport_cpp: rosidl_typesupport_fastrtps_cpp;rosidl_typesupport_introspection_cpp
[3.151s] [31mCMake Error at /opt/ros/humble/share/rosidl_cmake/cmake/rosidl_generate_interfaces.cmake:229 (message):
[3.151s]   Packages installing interfaces must include
[3.151s]   '<member_of_group>rosidl_interface_packages</member_of_group>' in their
[3.151s]   package.xml
[3.151s] Call Stack (most recent call first):
[3.151s]   CMakeLists.txt:13 (rosidl_generate_interfaces)
[3.151s] 
[3.151s] [0m
[3.152s] -- Configuring incomplete, errors occurred!
[3.152s] See also "/home/gary/first_ws/build/my_robot_interfaces/CMakeFiles/CMakeOutput.log".
[3.158s] Invoked command in '/home/gary/first_ws/build/my_robot_interfaces' returned '1': CMAKE_PREFIX_PATH=/home/gary/first_ws/install/my_py_pkg:/opt/ros/humble /usr/bin/cmake /home/gary/first_ws/src/my_robot_interfaces -DAMENT_CMAKE_SYMLINK_INSTALL=1 -DCMAKE_INSTALL_PREFIX=/home/gary/first_ws/install/my_robot_interfaces
