[0.887s] Invoking command in '/home/gary/first_ws/src/my_py_pkg': PYTHONPATH=/home/gary/first_ws/build/my_py_pkg/prefix_override:/home/gary/first_ws/install/my_py_pkg/lib/python3.10/site-packages:${PYTHONPATH} /usr/bin/python3 setup.py egg_info --egg-base ../../build/my_py_pkg build --build-base /home/gary/first_ws/build/my_py_pkg/build install --record /home/gary/first_ws/build/my_py_pkg/install.log --single-version-externally-managed
[1.161s] running egg_info
[1.162s] writing ../../build/my_py_pkg/my_py_pkg.egg-info/PKG-INFO
[1.162s] writing dependency_links to ../../build/my_py_pkg/my_py_pkg.egg-info/dependency_links.txt
[1.162s] writing entry points to ../../build/my_py_pkg/my_py_pkg.egg-info/entry_points.txt
[1.163s] writing requirements to ../../build/my_py_pkg/my_py_pkg.egg-info/requires.txt
[1.163s] writing top-level names to ../../build/my_py_pkg/my_py_pkg.egg-info/top_level.txt
[1.166s] reading manifest file '../../build/my_py_pkg/my_py_pkg.egg-info/SOURCES.txt'
[1.168s] writing manifest file '../../build/my_py_pkg/my_py_pkg.egg-info/SOURCES.txt'
[1.168s] running build
[1.169s] running build_py
[1.169s] running install
[1.170s] running install_lib
[1.172s] running install_data
[1.173s] running install_egg_info
[1.175s] removing '/home/gary/first_ws/install/my_py_pkg/lib/python3.10/site-packages/my_py_pkg-0.0.0-py3.10.egg-info' (and everything under it)
[1.176s] Copying ../../build/my_py_pkg/my_py_pkg.egg-info to /home/gary/first_ws/install/my_py_pkg/lib/python3.10/site-packages/my_py_pkg-0.0.0-py3.10.egg-info
[1.177s] running install_scripts
[1.198s] Installing py_node script to /home/gary/first_ws/install/my_py_pkg/lib/my_py_pkg
[1.199s] writing list of installed files to '/home/gary/first_ws/build/my_py_pkg/install.log'
[1.231s] Invoked command in '/home/gary/first_ws/src/my_py_pkg' returned '0': PYTHONPATH=/home/gary/first_ws/build/my_py_pkg/prefix_override:/home/gary/first_ws/install/my_py_pkg/lib/python3.10/site-packages:${PYTHONPATH} /usr/bin/python3 setup.py egg_info --egg-base ../../build/my_py_pkg build --build-base /home/gary/first_ws/build/my_py_pkg/build install --record /home/gary/first_ws/build/my_py_pkg/install.log --single-version-externally-managed
