[0.800s] Invoking command in '/home/gary/first_ws/src/my_py_pkg': PYTHONPATH=/home/gary/first_ws/build/my_py_pkg/prefix_override:/home/gary/first_ws/install/my_py_pkg/lib/python3.10/site-packages:${PYTHONPATH} /usr/bin/python3 setup.py egg_info --egg-base ../../build/my_py_pkg build --build-base /home/gary/first_ws/build/my_py_pkg/build install --record /home/gary/first_ws/build/my_py_pkg/install.log --single-version-externally-managed
[1.052s] running egg_info
[1.052s] writing ../../build/my_py_pkg/my_py_pkg.egg-info/PKG-INFO
[1.053s] writing dependency_links to ../../build/my_py_pkg/my_py_pkg.egg-info/dependency_links.txt
[1.053s] writing entry points to ../../build/my_py_pkg/my_py_pkg.egg-info/entry_points.txt
[1.053s] writing requirements to ../../build/my_py_pkg/my_py_pkg.egg-info/requires.txt
[1.053s] writing top-level names to ../../build/my_py_pkg/my_py_pkg.egg-info/top_level.txt
[1.056s] reading manifest file '../../build/my_py_pkg/my_py_pkg.egg-info/SOURCES.txt'
[1.057s] writing manifest file '../../build/my_py_pkg/my_py_pkg.egg-info/SOURCES.txt'
[1.058s] running build
[1.058s] running build_py
[1.058s] copying my_py_pkg/my_first_node.py -> /home/gary/first_ws/build/my_py_pkg/build/lib/my_py_pkg
[1.058s] running install
[1.058s] running install_lib
[1.059s] copying /home/gary/first_ws/build/my_py_pkg/build/lib/my_py_pkg/my_first_node.py -> /home/gary/first_ws/install/my_py_pkg/lib/python3.10/site-packages/my_py_pkg
[1.060s] byte-compiling /home/gary/first_ws/install/my_py_pkg/lib/python3.10/site-packages/my_py_pkg/my_first_node.py to my_first_node.cpython-310.pyc
[1.060s] running install_data
[1.061s] running install_egg_info
[1.063s] removing '/home/gary/first_ws/install/my_py_pkg/lib/python3.10/site-packages/my_py_pkg-0.0.0-py3.10.egg-info' (and everything under it)
[1.063s] Copying ../../build/my_py_pkg/my_py_pkg.egg-info to /home/gary/first_ws/install/my_py_pkg/lib/python3.10/site-packages/my_py_pkg-0.0.0-py3.10.egg-info
[1.065s] running install_scripts
[1.088s] Installing py_node script to /home/gary/first_ws/install/my_py_pkg/lib/my_py_pkg
[1.088s] writing list of installed files to '/home/gary/first_ws/build/my_py_pkg/install.log'
[1.119s] Invoked command in '/home/gary/first_ws/src/my_py_pkg' returned '0': PYTHONPATH=/home/gary/first_ws/build/my_py_pkg/prefix_override:/home/gary/first_ws/install/my_py_pkg/lib/python3.10/site-packages:${PYTHONPATH} /usr/bin/python3 setup.py egg_info --egg-base ../../build/my_py_pkg build --build-base /home/gary/first_ws/build/my_py_pkg/build install --record /home/gary/first_ws/build/my_py_pkg/install.log --single-version-externally-managed
