[0.909s] Invoking command in '/home/gary/first_ws/build/my_py_pkg': PYTHONPATH=/home/gary/first_ws/build/my_py_pkg/prefix_override:/home/gary/first_ws/install/my_py_pkg/lib/python3.10/site-packages:${PYTHONPATH} /usr/bin/python3 setup.py develop --editable --build-directory /home/gary/first_ws/build/my_py_pkg/build --no-deps install_data
[1.229s] running develop
[1.408s] running egg_info
[1.409s] writing my_py_pkg.egg-info/PKG-INFO
[1.409s] writing dependency_links to my_py_pkg.egg-info/dependency_links.txt
[1.409s] writing entry points to my_py_pkg.egg-info/entry_points.txt
[1.410s] writing requirements to my_py_pkg.egg-info/requires.txt
[1.410s] writing top-level names to my_py_pkg.egg-info/top_level.txt
[1.413s] reading manifest file 'my_py_pkg.egg-info/SOURCES.txt'
[1.414s] writing manifest file 'my_py_pkg.egg-info/SOURCES.txt'
[1.416s] running build_ext
[1.417s] Creating /home/gary/first_ws/install/my_py_pkg/lib/python3.10/site-packages/my-py-pkg.egg-link (link to .)
[1.418s] Installing my_counter script to /home/gary/first_ws/install/my_py_pkg/lib/my_py_pkg
[1.418s] Installing py_node script to /home/gary/first_ws/install/my_py_pkg/lib/my_py_pkg
[1.419s] Installing robot_new_staton script to /home/gary/first_ws/install/my_py_pkg/lib/my_py_pkg
[1.419s] Installing smartphone script to /home/gary/first_ws/install/my_py_pkg/lib/my_py_pkg
[1.419s] 
[1.419s] Installed /home/gary/first_ws/build/my_py_pkg
[1.419s] running install_data
[1.419s] copying package.xml -> /home/gary/first_ws/install/my_py_pkg/share/my_py_pkg
[1.458s] Invoked command in '/home/gary/first_ws/build/my_py_pkg' returned '0': PYTHONPATH=/home/gary/first_ws/build/my_py_pkg/prefix_override:/home/gary/first_ws/install/my_py_pkg/lib/python3.10/site-packages:${PYTHONPATH} /usr/bin/python3 setup.py develop --editable --build-directory /home/gary/first_ws/build/my_py_pkg/build --no-deps install_data
